[2021-05-22 08:51:39] stage.INFO: user check to view applicant data  
[2021-05-22 08:51:39] stage.INFO:   
[2021-05-22 08:51:39] stage.ERROR: Trying to get property 'code' of non-object {"exception":"[object] (ErrorException(code: 0): Trying to get property 'code' of non-object at /var/www/html/sdbl/app/Http/Controllers/Multimedia.php:97)
[stacktrace]
#0 /var/www/html/sdbl/app/Http/Controllers/Multimedia.php(97): Illuminate\\Foundation\\Bootstrap\\HandleExceptions->handleError()
#1 /var/www/html/sdbl/vendor/laravel/framework/src/Illuminate/Routing/Controller.php(54): App\\Http\\Controllers\\Multimedia->get_myteam()
#2 /var/www/html/sdbl/vendor/laravel/framework/src/Illuminate/Routing/ControllerDispatcher.php(45): Illuminate\\Routing\\Controller->callAction()
#3 /var/www/html/sdbl/vendor/laravel/framework/src/Illuminate/Routing/Route.php(254): Illuminate\\Routing\\ControllerDispatcher->dispatch()
#4 /var/www/html/sdbl/vendor/laravel/framework/src/Illuminate/Routing/Route.php(197): Illuminate\\Routing\\Route->runController()
#5 /var/www/html/sdbl/vendor/laravel/framework/src/Illuminate/Routing/Router.php(693): Illuminate\\Routing\\Route->run()
#6 /var/www/html/sdbl/vendor/laravel/framework/src/Illuminate/Pipeline/Pipeline.php(128): Illuminate\\Routing\\Router->Illuminate\\Routing\\{closure}()
#7 /var/www/html/sdbl/vendor/laravel/framework/src/Illuminate/Routing/Middleware/SubstituteBindings.php(50): Illuminate\\Pipeline\\Pipeline->Illuminate\\Pipeline\\{closure}()
#8 /var/www/html/sdbl/vendor/laravel/framework/src/Illuminate/Pipeline/Pipeline.php(167): Illuminate\\Routing\\Middleware\\SubstituteBindings->handle()
#9 /var/www/html/sdbl/vendor/laravel/framework/src/Illuminate/Routing/Middleware/ThrottleRequests.php(127): Illuminate\\Pipeline\\Pipeline->Illuminate\\Pipeline\\{closure}()
#10 /var/www/html/sdbl/vendor/laravel/framework/src/Illuminate/Routing/Middleware/ThrottleRequests.php(103): Illuminate\\Routing\\Middleware\\ThrottleRequests->handleRequest()
#11 /var/www/html/sdbl/vendor/laravel/framework/src/Illuminate/Routing/Middleware/ThrottleRequests.php(55): Illuminate\\Routing\\Middleware\\ThrottleRequests->handleRequestUsingNamedLimiter()
#12 /var/www/html/sdbl/vendor/laravel/framework/src/Illuminate/Pipeline/Pipeline.php(167): Illuminate\\Routing\\Middleware\\ThrottleRequests->handle()
#13 /var/www/html/sdbl/vendor/laravel/framework/src/Illuminate/Pipeline/Pipeline.php(103): Illuminate\\Pipeline\\Pipeline->Illuminate\\Pipeline\\{closure}()
#14 /var/www/html/sdbl/vendor/laravel/framework/src/Illuminate/Routing/Router.php(695): Illuminate\\Pipeline\\Pipeline->then()
#15 /var/www/html/sdbl/vendor/laravel/framework/src/Illuminate/Routing/Router.php(670): Illuminate\\Routing\\Router->runRouteWithinStack()
#16 /var/www/html/sdbl/vendor/laravel/framework/src/Illuminate/Routing/Router.php(636): Illuminate\\Routing\\Router->runRoute()
#17 /var/www/html/sdbl/vendor/laravel/framework/src/Illuminate/Routing/Router.php(625): Illuminate\\Routing\\Router->dispatchToRoute()
#18 /var/www/html/sdbl/vendor/laravel/framework/src/Illuminate/Foundation/Http/Kernel.php(166): Illuminate\\Routing\\Router->dispatch()
#19 /var/www/html/sdbl/vendor/laravel/framework/src/Illuminate/Pipeline/Pipeline.php(128): Illuminate\\Foundation\\Http\\Kernel->Illuminate\\Foundation\\Http\\{closure}()
#20 /var/www/html/sdbl/vendor/laravel/framework/src/Illuminate/Foundation/Http/Middleware/TransformsRequest.php(21): Illuminate\\Pipeline\\Pipeline->Illuminate\\Pipeline\\{closure}()
#21 /var/www/html/sdbl/vendor/laravel/framework/src/Illuminate/Pipeline/Pipeline.php(167): Illuminate\\Foundation\\Http\\Middleware\\TransformsRequest->handle()
#22 /var/www/html/sdbl/vendor/laravel/framework/src/Illuminate/Foundation/Http/Middleware/TransformsRequest.php(21): Illuminate\\Pipeline\\Pipeline->Illuminate\\Pipeline\\{closure}()
#23 /var/www/html/sdbl/vendor/laravel/framework/src/Illuminate/Pipeline/Pipeline.php(167): Illuminate\\Foundation\\Http\\Middleware\\TransformsRequest->handle()
#24 /var/www/html/sdbl/vendor/laravel/framework/src/Illuminate/Foundation/Http/Middleware/ValidatePostSize.php(27): Illuminate\\Pipeline\\Pipeline->Illuminate\\Pipeline\\{closure}()
#25 /var/www/html/sdbl/vendor/laravel/framework/src/Illuminate/Pipeline/Pipeline.php(167): Illuminate\\Foundation\\Http\\Middleware\\ValidatePostSize->handle()
#26 /var/www/html/sdbl/vendor/laravel/framework/src/Illuminate/Foundation/Http/Middleware/PreventRequestsDuringMaintenance.php(86): Illuminate\\Pipeline\\Pipeline->Illuminate\\Pipeline\\{closure}()
#27 /var/www/html/sdbl/vendor/laravel/framework/src/Illuminate/Pipeline/Pipeline.php(167): Illuminate\\Foundation\\Http\\Middleware\\PreventRequestsDuringMaintenance->handle()
#28 /var/www/html/sdbl/vendor/fruitcake/laravel-cors/src/HandleCors.php(57): Illuminate\\Pipeline\\Pipeline->Illuminate\\Pipeline\\{closure}()
#29 /var/www/html/sdbl/vendor/laravel/framework/src/Illuminate/Pipeline/Pipeline.php(167): Fruitcake\\Cors\\HandleCors->handle()
#30 /var/www/html/sdbl/vendor/fideloper/proxy/src/TrustProxies.php(57): Illuminate\\Pipeline\\Pipeline->Illuminate\\Pipeline\\{closure}()
#31 /var/www/html/sdbl/vendor/laravel/framework/src/Illuminate/Pipeline/Pipeline.php(167): Fideloper\\Proxy\\TrustProxies->handle()
#32 /var/www/html/sdbl/vendor/laravel/framework/src/Illuminate/Pipeline/Pipeline.php(103): Illuminate\\Pipeline\\Pipeline->Illuminate\\Pipeline\\{closure}()
#33 /var/www/html/sdbl/vendor/laravel/framework/src/Illuminate/Foundation/Http/Kernel.php(141): Illuminate\\Pipeline\\Pipeline->then()
#34 /var/www/html/sdbl/vendor/laravel/framework/src/Illuminate/Foundation/Http/Kernel.php(110): Illuminate\\Foundation\\Http\\Kernel->sendRequestThroughRouter()
#35 /var/www/html/sdbl/public/index.php(52): Illuminate\\Foundation\\Http\\Kernel->handle()
#36 {main}
"} 
[2021-05-22 08:51:53] stage.INFO: user check to view applicant data  
[2021-05-22 08:51:53] stage.INFO:   
[2021-05-22 08:51:53] stage.ERROR: Trying to get property 'code' of non-object {"exception":"[object] (ErrorException(code: 0): Trying to get property 'code' of non-object at /var/www/html/sdbl/app/Http/Controllers/Multimedia.php:97)
[stacktrace]
#0 /var/www/html/sdbl/app/Http/Controllers/Multimedia.php(97): Illuminate\\Foundation\\Bootstrap\\HandleExceptions->handleError()
#1 /var/www/html/sdbl/vendor/laravel/framework/src/Illuminate/Routing/Controller.php(54): App\\Http\\Controllers\\Multimedia->get_myteam()
#2 /var/www/html/sdbl/vendor/laravel/framework/src/Illuminate/Routing/ControllerDispatcher.php(45): Illuminate\\Routing\\Controller->callAction()
#3 /var/www/html/sdbl/vendor/laravel/framework/src/Illuminate/Routing/Route.php(254): Illuminate\\Routing\\ControllerDispatcher->dispatch()
#4 /var/www/html/sdbl/vendor/laravel/framework/src/Illuminate/Routing/Route.php(197): Illuminate\\Routing\\Route->runController()
#5 /var/www/html/sdbl/vendor/laravel/framework/src/Illuminate/Routing/Router.php(693): Illuminate\\Routing\\Route->run()
#6 /var/www/html/sdbl/vendor/laravel/framework/src/Illuminate/Pipeline/Pipeline.php(128): Illuminate\\Routing\\Router->Illuminate\\Routing\\{closure}()
#7 /var/www/html/sdbl/vendor/laravel/framework/src/Illuminate/Routing/Middleware/SubstituteBindings.php(50): Illuminate\\Pipeline\\Pipeline->Illuminate\\Pipeline\\{closure}()
#8 /var/www/html/sdbl/vendor/laravel/framework/src/Illuminate/Pipeline/Pipeline.php(167): Illuminate\\Routing\\Middleware\\SubstituteBindings->handle()
#9 /var/www/html/sdbl/vendor/laravel/framework/src/Illuminate/Routing/Middleware/ThrottleRequests.php(127): Illuminate\\Pipeline\\Pipeline->Illuminate\\Pipeline\\{closure}()
#10 /var/www/html/sdbl/vendor/laravel/framework/src/Illuminate/Routing/Middleware/ThrottleRequests.php(103): Illuminate\\Routing\\Middleware\\ThrottleRequests->handleRequest()
#11 /var/www/html/sdbl/vendor/laravel/framework/src/Illuminate/Routing/Middleware/ThrottleRequests.php(55): Illuminate\\Routing\\Middleware\\ThrottleRequests->handleRequestUsingNamedLimiter()
#12 /var/www/html/sdbl/vendor/laravel/framework/src/Illuminate/Pipeline/Pipeline.php(167): Illuminate\\Routing\\Middleware\\ThrottleRequests->handle()
#13 /var/www/html/sdbl/vendor/laravel/framework/src/Illuminate/Pipeline/Pipeline.php(103): Illuminate\\Pipeline\\Pipeline->Illuminate\\Pipeline\\{closure}()
#14 /var/www/html/sdbl/vendor/laravel/framework/src/Illuminate/Routing/Router.php(695): Illuminate\\Pipeline\\Pipeline->then()
#15 /var/www/html/sdbl/vendor/laravel/framework/src/Illuminate/Routing/Router.php(670): Illuminate\\Routing\\Router->runRouteWithinStack()
#16 /var/www/html/sdbl/vendor/laravel/framework/src/Illuminate/Routing/Router.php(636): Illuminate\\Routing\\Router->runRoute()
#17 /var/www/html/sdbl/vendor/laravel/framework/src/Illuminate/Routing/Router.php(625): Illuminate\\Routing\\Router->dispatchToRoute()
#18 /var/www/html/sdbl/vendor/laravel/framework/src/Illuminate/Foundation/Http/Kernel.php(166): Illuminate\\Routing\\Router->dispatch()
#19 /var/www/html/sdbl/vendor/laravel/framework/src/Illuminate/Pipeline/Pipeline.php(128): Illuminate\\Foundation\\Http\\Kernel->Illuminate\\Foundation\\Http\\{closure}()
#20 /var/www/html/sdbl/vendor/laravel/framework/src/Illuminate/Foundation/Http/Middleware/TransformsRequest.php(21): Illuminate\\Pipeline\\Pipeline->Illuminate\\Pipeline\\{closure}()
#21 /var/www/html/sdbl/vendor/laravel/framework/src/Illuminate/Pipeline/Pipeline.php(167): Illuminate\\Foundation\\Http\\Middleware\\TransformsRequest->handle()
#22 /var/www/html/sdbl/vendor/laravel/framework/src/Illuminate/Foundation/Http/Middleware/TransformsRequest.php(21): Illuminate\\Pipeline\\Pipeline->Illuminate\\Pipeline\\{closure}()
#23 /var/www/html/sdbl/vendor/laravel/framework/src/Illuminate/Pipeline/Pipeline.php(167): Illuminate\\Foundation\\Http\\Middleware\\TransformsRequest->handle()
#24 /var/www/html/sdbl/vendor/laravel/framework/src/Illuminate/Foundation/Http/Middleware/ValidatePostSize.php(27): Illuminate\\Pipeline\\Pipeline->Illuminate\\Pipeline\\{closure}()
#25 /var/www/html/sdbl/vendor/laravel/framework/src/Illuminate/Pipeline/Pipeline.php(167): Illuminate\\Foundation\\Http\\Middleware\\ValidatePostSize->handle()
#26 /var/www/html/sdbl/vendor/laravel/framework/src/Illuminate/Foundation/Http/Middleware/PreventRequestsDuringMaintenance.php(86): Illuminate\\Pipeline\\Pipeline->Illuminate\\Pipeline\\{closure}()
#27 /var/www/html/sdbl/vendor/laravel/framework/src/Illuminate/Pipeline/Pipeline.php(167): Illuminate\\Foundation\\Http\\Middleware\\PreventRequestsDuringMaintenance->handle()
#28 /var/www/html/sdbl/vendor/fruitcake/laravel-cors/src/HandleCors.php(57): Illuminate\\Pipeline\\Pipeline->Illuminate\\Pipeline\\{closure}()
#29 /var/www/html/sdbl/vendor/laravel/framework/src/Illuminate/Pipeline/Pipeline.php(167): Fruitcake\\Cors\\HandleCors->handle()
#30 /var/www/html/sdbl/vendor/fideloper/proxy/src/TrustProxies.php(57): Illuminate\\Pipeline\\Pipeline->Illuminate\\Pipeline\\{closure}()
#31 /var/www/html/sdbl/vendor/laravel/framework/src/Illuminate/Pipeline/Pipeline.php(167): Fideloper\\Proxy\\TrustProxies->handle()
#32 /var/www/html/sdbl/vendor/laravel/framework/src/Illuminate/Pipeline/Pipeline.php(103): Illuminate\\Pipeline\\Pipeline->Illuminate\\Pipeline\\{closure}()
#33 /var/www/html/sdbl/vendor/laravel/framework/src/Illuminate/Foundation/Http/Kernel.php(141): Illuminate\\Pipeline\\Pipeline->then()
#34 /var/www/html/sdbl/vendor/laravel/framework/src/Illuminate/Foundation/Http/Kernel.php(110): Illuminate\\Foundation\\Http\\Kernel->sendRequestThroughRouter()
#35 /var/www/html/sdbl/public/index.php(52): Illuminate\\Foundation\\Http\\Kernel->handle()
#36 {main}
"} 
[2021-05-22 10:08:04] stage.INFO: use lgoin role email   
[2021-05-22 10:08:04] stage.INFO: sasika.c@sdb.lk  
[2021-05-22 10:08:04] stage.INFO: use lgoin role   
[2021-05-22 10:08:04] stage.INFO: {"code":"0","email":"sasika.c@sdb.lk","emp":223,"role":"manager"}  
[2021-05-22 10:47:59] stage.INFO: use lgoin role email   
[2021-05-22 10:47:59] stage.INFO: buddika.sb@sdb.lk  
[2021-05-22 10:47:59] stage.INFO: use lgoin role   
[2021-05-22 10:47:59] stage.INFO: {"code":"0","email":"buddika.sb@sdb.lk","emp":2131,"role":"manager"}  
[2021-05-22 13:08:30] stage.INFO: use lgoin role email   
[2021-05-22 13:08:30] stage.INFO: mohanarajan@sdb.lk  
[2021-05-22 13:08:30] stage.INFO: use lgoin role   
[2021-05-22 13:08:30] stage.INFO: {"code":"89","email":"mohanarajan@SDB.lk","emp":2554,"role":"bdo"}  
[2021-05-22 13:08:35] stage.ERROR: Division by zero {"exception":"[object] (ErrorException(code: 0): Division by zero at /var/www/html/sdbl/app/Http/Controllers/Stat.php:56)
[stacktrace]
#0 /var/www/html/sdbl/app/Http/Controllers/Stat.php(56): Illuminate\\Foundation\\Bootstrap\\HandleExceptions->handleError()
#1 /var/www/html/sdbl/vendor/laravel/framework/src/Illuminate/Routing/Controller.php(54): App\\Http\\Controllers\\Stat->get_progress_completed()
#2 /var/www/html/sdbl/vendor/laravel/framework/src/Illuminate/Routing/ControllerDispatcher.php(45): Illuminate\\Routing\\Controller->callAction()
#3 /var/www/html/sdbl/vendor/laravel/framework/src/Illuminate/Routing/Route.php(254): Illuminate\\Routing\\ControllerDispatcher->dispatch()
#4 /var/www/html/sdbl/vendor/laravel/framework/src/Illuminate/Routing/Route.php(197): Illuminate\\Routing\\Route->runController()
#5 /var/www/html/sdbl/vendor/laravel/framework/src/Illuminate/Routing/Router.php(693): Illuminate\\Routing\\Route->run()
#6 /var/www/html/sdbl/vendor/laravel/framework/src/Illuminate/Pipeline/Pipeline.php(128): Illuminate\\Routing\\Router->Illuminate\\Routing\\{closure}()
#7 /var/www/html/sdbl/vendor/laravel/framework/src/Illuminate/Routing/Middleware/SubstituteBindings.php(50): Illuminate\\Pipeline\\Pipeline->Illuminate\\Pipeline\\{closure}()
#8 /var/www/html/sdbl/vendor/laravel/framework/src/Illuminate/Pipeline/Pipeline.php(167): Illuminate\\Routing\\Middleware\\SubstituteBindings->handle()
#9 /var/www/html/sdbl/vendor/laravel/framework/src/Illuminate/Routing/Middleware/ThrottleRequests.php(127): Illuminate\\Pipeline\\Pipeline->Illuminate\\Pipeline\\{closure}()
#10 /var/www/html/sdbl/vendor/laravel/framework/src/Illuminate/Routing/Middleware/ThrottleRequests.php(103): Illuminate\\Routing\\Middleware\\ThrottleRequests->handleRequest()
#11 /var/www/html/sdbl/vendor/laravel/framework/src/Illuminate/Routing/Middleware/ThrottleRequests.php(55): Illuminate\\Routing\\Middleware\\ThrottleRequests->handleRequestUsingNamedLimiter()
#12 /var/www/html/sdbl/vendor/laravel/framework/src/Illuminate/Pipeline/Pipeline.php(167): Illuminate\\Routing\\Middleware\\ThrottleRequests->handle()
#13 /var/www/html/sdbl/vendor/laravel/framework/src/Illuminate/Pipeline/Pipeline.php(103): Illuminate\\Pipeline\\Pipeline->Illuminate\\Pipeline\\{closure}()
#14 /var/www/html/sdbl/vendor/laravel/framework/src/Illuminate/Routing/Router.php(695): Illuminate\\Pipeline\\Pipeline->then()
#15 /var/www/html/sdbl/vendor/laravel/framework/src/Illuminate/Routing/Router.php(670): Illuminate\\Routing\\Router->runRouteWithinStack()
#16 /var/www/html/sdbl/vendor/laravel/framework/src/Illuminate/Routing/Router.php(636): Illuminate\\Routing\\Router->runRoute()
#17 /var/www/html/sdbl/vendor/laravel/framework/src/Illuminate/Routing/Router.php(625): Illuminate\\Routing\\Router->dispatchToRoute()
#18 /var/www/html/sdbl/vendor/laravel/framework/src/Illuminate/Foundation/Http/Kernel.php(166): Illuminate\\Routing\\Router->dispatch()
#19 /var/www/html/sdbl/vendor/laravel/framework/src/Illuminate/Pipeline/Pipeline.php(128): Illuminate\\Foundation\\Http\\Kernel->Illuminate\\Foundation\\Http\\{closure}()
#20 /var/www/html/sdbl/vendor/laravel/framework/src/Illuminate/Foundation/Http/Middleware/TransformsRequest.php(21): Illuminate\\Pipeline\\Pipeline->Illuminate\\Pipeline\\{closure}()
#21 /var/www/html/sdbl/vendor/laravel/framework/src/Illuminate/Pipeline/Pipeline.php(167): Illuminate\\Foundation\\Http\\Middleware\\TransformsRequest->handle()
#22 /var/www/html/sdbl/vendor/laravel/framework/src/Illuminate/Foundation/Http/Middleware/TransformsRequest.php(21): Illuminate\\Pipeline\\Pipeline->Illuminate\\Pipeline\\{closure}()
#23 /var/www/html/sdbl/vendor/laravel/framework/src/Illuminate/Pipeline/Pipeline.php(167): Illuminate\\Foundation\\Http\\Middleware\\TransformsRequest->handle()
#24 /var/www/html/sdbl/vendor/laravel/framework/src/Illuminate/Foundation/Http/Middleware/ValidatePostSize.php(27): Illuminate\\Pipeline\\Pipeline->Illuminate\\Pipeline\\{closure}()
#25 /var/www/html/sdbl/vendor/laravel/framework/src/Illuminate/Pipeline/Pipeline.php(167): Illuminate\\Foundation\\Http\\Middleware\\ValidatePostSize->handle()
#26 /var/www/html/sdbl/vendor/laravel/framework/src/Illuminate/Foundation/Http/Middleware/PreventRequestsDuringMaintenance.php(86): Illuminate\\Pipeline\\Pipeline->Illuminate\\Pipeline\\{closure}()
#27 /var/www/html/sdbl/vendor/laravel/framework/src/Illuminate/Pipeline/Pipeline.php(167): Illuminate\\Foundation\\Http\\Middleware\\PreventRequestsDuringMaintenance->handle()
#28 /var/www/html/sdbl/vendor/fruitcake/laravel-cors/src/HandleCors.php(57): Illuminate\\Pipeline\\Pipeline->Illuminate\\Pipeline\\{closure}()
#29 /var/www/html/sdbl/vendor/laravel/framework/src/Illuminate/Pipeline/Pipeline.php(167): Fruitcake\\Cors\\HandleCors->handle()
#30 /var/www/html/sdbl/vendor/fideloper/proxy/src/TrustProxies.php(57): Illuminate\\Pipeline\\Pipeline->Illuminate\\Pipeline\\{closure}()
#31 /var/www/html/sdbl/vendor/laravel/framework/src/Illuminate/Pipeline/Pipeline.php(167): Fideloper\\Proxy\\TrustProxies->handle()
#32 /var/www/html/sdbl/vendor/laravel/framework/src/Illuminate/Pipeline/Pipeline.php(103): Illuminate\\Pipeline\\Pipeline->Illuminate\\Pipeline\\{closure}()
#33 /var/www/html/sdbl/vendor/laravel/framework/src/Illuminate/Foundation/Http/Kernel.php(141): Illuminate\\Pipeline\\Pipeline->then()
#34 /var/www/html/sdbl/vendor/laravel/framework/src/Illuminate/Foundation/Http/Kernel.php(110): Illuminate\\Foundation\\Http\\Kernel->sendRequestThroughRouter()
#35 /var/www/html/sdbl/public/index.php(52): Illuminate\\Foundation\\Http\\Kernel->handle()
#36 /var/www/html/sdbl/index.php(21): require_once('/var/www/html/s...')
#37 {main}
"} 
[2021-05-22 13:08:55] stage.INFO: array (
  'sex' => 'Male',
  'age' => '32',
)  
[2021-05-22 13:08:55] stage.INFO: applicant age  : 32  sex : Male  
[2021-05-22 13:08:55] stage.INFO: NIC Check with Core  
[2021-05-22 13:08:55] stage.INFO: array (
  'nic' => '882903630V',
)  
[2021-05-22 13:08:55] stage.ALERT: NIC Customer APP L- yes point -> http://10.100.32.202:7802/cif/v1/CustomerInformation  
[2021-05-22 13:08:55] stage.INFO: 882903630V  NIC respose from Core  
[2021-05-22 13:08:55] stage.INFO: array (
  'JSON' => 
  array (
    'Data' => 
    array (
      'Status' => 'ERROR',
    ),
  ),
)  
[2021-05-22 13:08:55] stage.INFO:  from core customer nic  
[2021-05-22 13:09:06] stage.INFO: array (
  'status' => 'Employed (Salaried)',
)  
[2021-05-22 13:09:08] stage.INFO: array (
  'status' => 'individual_account_type',
  'sex' => 'Male',
  'age' => '32',
)  
[2021-05-22 13:14:18] stage.INFO: request to new cusotmer  
[2021-05-22 13:14:18] stage.INFO: array (
  'gpsl' => '{"timestamp":1621669134681,"mocked":false,"coords":{"altitude":0,"heading":0,"altitudeAccuracy":0,"latitude":9.7198247,"speed":0,"longitude":80.0185505,"accuracy":98.4000015258789}}',
  'nic' => '882903630V',
  'dob_day' => '16',
  'dob_month' => 'October',
  'dob_year' => '1988',
  'sex' => 'Male',
  'applicant_status' => 'Employed (Salaried)',
  'goin_to_open' => 'Individual Account',
  'account_type' => 'Normal Savings',
  'title' => 'Mr',
  'full_name' => 'Subramaniyam Ragavan',
  'primary_mobile' => '0778733849',
  'secondary_mobile' => NULL,
  'email' => 'Ragavan@gmail.com',
  'address1' => 'No',
  'address2' => 'Inuvil west',
  'address3' => 'Jaffna',
  'address4' => 'Jaffna',
  'district' => 'Jaffna',
  'name_of_employer' => NULL,
  'position' => 'Postal assistant',
  'work_address' => 'Chunnakam',
  'telephone' => '0212243169',
  'salary' => '47000',
  'other_income' => NULL,
  'purpose_usage' => '["Savings / Investments"]',
  'source_of_funds' => '["Investments"]',
  'anticipated_volumes' => '["Less than 100,000/="]',
  'source_of_wealth' => '["Investments"]',
  'pep' => 'I am not a politically exposed person',
  'pep_relationship' => NULL,
  'nominees' => '""',
  'security_answer' => 'Mahaluxmy',
  'source_of_other_income' => NULL,
  'f_name' => 'Subramaniyam',
  's_name' => NULL,
  'existing_customer' => 'false',
  'living_place_dif' => 'same',
  'existing_customer_cif' => NULL,
  'ref' => '1621669456641',
  'bdo' => 'mohanarajan@sdb.lk',
  'sector' => 'Government',
  'pupose_other_reason' => NULL,
  'source_funds_other_reason' => NULL,
  'wealth_other_reason' => NULL,
  'appv' => 'BETA 1.3.12',
)  
[2021-05-22 13:14:18] stage.INFO: {"timestamp":1621669134681,"mocked":false,"coords":{"altitude":0,"heading":0,"altitudeAccuracy":0,"latitude":9.7198247,"speed":0,"longitude":80.0185505,"accuracy":98.4000015258789}}  
[2021-05-22 20:21:09] stage.INFO: use lgoin role email   
[2021-05-22 20:21:09] stage.INFO: srkavisthri@sdb.lk  
[2021-05-22 20:21:09] stage.INFO: use lgoin role   
[2021-05-22 20:21:09] stage.INFO: {"code":"0","email":"srkavisthri@sdb.lk","emp":1786,"role":"manager"}  
[2021-05-22 20:21:32] stage.INFO: user check to view applicant data  
[2021-05-22 20:21:32] stage.INFO: array (
  'start' => '0',
  'end' => '10',
  'draw' => '1',
  'user_email' => 'srkavisthri@sdb.lk',
)  
[2021-05-22 20:21:32] stage.INFO: srkavisthri@sdb.lk  
[2021-05-22 20:21:32] stage.INFO: user code  0  
[2021-05-22 20:21:32] stage.INFO: user code Central 0  
[2021-05-22 20:21:32] stage.INFO: anything else | Default state of central ops when load  
[2021-05-22 20:21:32] stage.INFO: array (
  0 => 
  array (
    0 => '1621669456641',
    1 => '89',
    2 => 'Mr',
    3 => 'Subramaniyam Ragavan',
    4 => '882903630V',
    5 => '0778733849',
    6 => '2021-05-22 13:14:18',
    7 => '2021-05-22 13:14:18',
    8 => 0,
  ),
  1 => 
  array (
    0 => '1621592053186',
    1 => '82',
    2 => 'Mr',
    3 => 'Peliyagodage Don Thusitha Kumara',
    4 => '712601850V',
    5 => '0782322803',
    6 => '2021-05-21 15:47:03',
    7 => '2021-05-21 15:44:14',
    8 => 1,
  ),
  2 => 
  array (
    0 => '1621584814173',
    1 => '4',
    2 => 'Mrs',
    3 => 'U,P, Thilakawathi',
    4 => '596333095V',
    5 => '475680527',
    6 => '2021-05-21 13:47:51',
    7 => '2021-05-21 13:43:35',
    8 => 1,
  ),
  3 => 
  array (
    0 => '1621584433875',
    1 => '77',
    2 => 'Mr',
    3 => 'P,M, Idunil Manorathna',
    4 => '860222906V',
    5 => '94775623733',
    6 => '2021-05-21 13:47:21',
    7 => '2021-05-21 13:37:14',
    8 => 1,
  ),
  4 => 
  array (
    0 => '1621583727323',
    1 => '23',
    2 => 'Mr',
    3 => 'M,G, Surenga',
    4 => '198231103218',
    5 => '0',
    6 => '2021-05-21 13:29:09',
    7 => '2021-05-21 13:25:29',
    8 => 1,
  ),
  5 => 
  array (
    0 => '1621583288193',
    1 => '12',
    2 => 'Mrs',
    3 => 'Gunarathna Herathge Ishara Thulanjani Herath',
    4 => '956103681V',
    5 => '0774362687',
    6 => '2021-05-21 13:24:09',
    7 => '2021-05-21 13:18:08',
    8 => 1,
  ),
  6 => 
  array (
    0 => '1621582872590',
    1 => '12',
    2 => 'Mrs',
    3 => 'Thushara Lakshani Herath',
    4 => '927281570V',
    5 => '0770703296',
    6 => '2021-05-21 13:20:11',
    7 => '2021-05-21 13:11:13',
    8 => 1,
  ),
  7 => 
  array (
    0 => '1621582850596',
    1 => '89',
    2 => 'Mr',
    3 => 'Panchalingam kulatharshan',
    4 => '860532956V',
    5 => '0772718792',
    6 => '2021-05-21 13:13:50',
    7 => '2021-05-21 13:10:51',
    8 => 1,
  ),
  8 => 
  array (
    0 => '1621582728418',
    1 => '82',
    2 => 'Mrs',
    3 => 'M,A,A, Manike',
    4 => '485621369V',
    5 => '94773334598',
    6 => '2021-05-21 13:14:11',
    7 => '2021-05-21 13:08:48',
    8 => 1,
  ),
  9 => 
  array (
    0 => '1621582676561',
    1 => '12',
    2 => 'Mrs',
    3 => 'Thushara Lakshani Herath',
    4 => '927281570V',
    5 => '0770703296',
    6 => '2021-05-21 14:08:12',
    7 => '2021-05-21 13:07:57',
    8 => 0,
  ),
)  
[2021-05-22 20:21:37] stage.INFO: user check to view applicant data  
[2021-05-22 20:21:37] stage.INFO: array (
  'start' => '0',
  'end' => '10',
  'draw' => '1',
  'user_email' => 'srkavisthri@sdb.lk',
  'current_branch_search' => '0',
  'app_status' => '10',
  'product' => 'all',
)  
[2021-05-22 20:21:37] stage.INFO: srkavisthri@sdb.lk  
[2021-05-22 20:21:37] stage.INFO: user code  0  
[2021-05-22 20:21:37] stage.INFO: user code Central 0  
[2021-05-22 20:21:37] stage.INFO:  (int)$request->app_status === 10  && $product === all  
[2021-05-22 20:21:37] stage.INFO: array (
  0 => 
  array (
    0 => '1621669456641',
    1 => '89',
    2 => 'Mr',
    3 => 'Subramaniyam Ragavan',
    4 => '882903630V',
    5 => '0778733849',
    6 => '2021-05-22 13:14:18',
    7 => '2021-05-22 13:14:18',
    8 => 0,
  ),
  1 => 
  array (
    0 => '1621592053186',
    1 => '82',
    2 => 'Mr',
    3 => 'Peliyagodage Don Thusitha Kumara',
    4 => '712601850V',
    5 => '0782322803',
    6 => '2021-05-21 15:47:03',
    7 => '2021-05-21 15:44:14',
    8 => 1,
  ),
  2 => 
  array (
    0 => '1621584814173',
    1 => '4',
    2 => 'Mrs',
    3 => 'U,P, Thilakawathi',
    4 => '596333095V',
    5 => '475680527',
    6 => '2021-05-21 13:47:51',
    7 => '2021-05-21 13:43:35',
    8 => 1,
  ),
  3 => 
  array (
    0 => '1621584433875',
    1 => '77',
    2 => 'Mr',
    3 => 'P,M, Idunil Manorathna',
    4 => '860222906V',
    5 => '94775623733',
    6 => '2021-05-21 13:47:21',
    7 => '2021-05-21 13:37:14',
    8 => 1,
  ),
  4 => 
  array (
    0 => '1621583727323',
    1 => '23',
    2 => 'Mr',
    3 => 'M,G, Surenga',
    4 => '198231103218',
    5 => '0',
    6 => '2021-05-21 13:29:09',
    7 => '2021-05-21 13:25:29',
    8 => 1,
  ),
  5 => 
  array (
    0 => '1621583288193',
    1 => '12',
    2 => 'Mrs',
    3 => 'Gunarathna Herathge Ishara Thulanjani Herath',
    4 => '956103681V',
    5 => '0774362687',
    6 => '2021-05-21 13:24:09',
    7 => '2021-05-21 13:18:08',
    8 => 1,
  ),
  6 => 
  array (
    0 => '1621582872590',
    1 => '12',
    2 => 'Mrs',
    3 => 'Thushara Lakshani Herath',
    4 => '927281570V',
    5 => '0770703296',
    6 => '2021-05-21 13:20:11',
    7 => '2021-05-21 13:11:13',
    8 => 1,
  ),
  7 => 
  array (
    0 => '1621582850596',
    1 => '89',
    2 => 'Mr',
    3 => 'Panchalingam kulatharshan',
    4 => '860532956V',
    5 => '0772718792',
    6 => '2021-05-21 13:13:50',
    7 => '2021-05-21 13:10:51',
    8 => 1,
  ),
  8 => 
  array (
    0 => '1621582728418',
    1 => '82',
    2 => 'Mrs',
    3 => 'M,A,A, Manike',
    4 => '485621369V',
    5 => '94773334598',
    6 => '2021-05-21 13:14:11',
    7 => '2021-05-21 13:08:48',
    8 => 1,
  ),
  9 => 
  array (
    0 => '1621582676561',
    1 => '12',
    2 => 'Mrs',
    3 => 'Thushara Lakshani Herath',
    4 => '927281570V',
    5 => '0770703296',
    6 => '2021-05-21 14:08:12',
    7 => '2021-05-21 13:07:57',
    8 => 0,
  ),
)  
[2021-05-22 20:21:51] stage.INFO: user check to view applicant data  
[2021-05-22 20:21:51] stage.INFO: array (
  'start' => '0',
  'end' => '10',
  'draw' => '1',
  'user_email' => 'srkavisthri@sdb.lk',
  'current_branch_search' => '82',
  'app_status' => '10',
  'product' => 'all',
)  
[2021-05-22 20:21:51] stage.INFO: srkavisthri@sdb.lk  
[2021-05-22 20:21:51] stage.INFO: user code  0  
[2021-05-22 20:21:51] stage.INFO: user code Central 0  
[2021-05-22 20:21:51] stage.INFO:  (int)$request->app_status === 10  && $product === all  
[2021-05-22 20:21:51] stage.INFO: array (
  0 => 
  array (
    0 => '1621592053186',
    1 => '82',
    2 => 'Mr',
    3 => 'Peliyagodage Don Thusitha Kumara',
    4 => '712601850V',
    5 => '0782322803',
    6 => '2021-05-21 15:47:03',
    7 => '2021-05-21 15:44:14',
    8 => 1,
  ),
  1 => 
  array (
    0 => '1621582728418',
    1 => '82',
    2 => 'Mrs',
    3 => 'M,A,A, Manike',
    4 => '485621369V',
    5 => '94773334598',
    6 => '2021-05-21 13:14:11',
    7 => '2021-05-21 13:08:48',
    8 => 1,
  ),
  2 => 
  array (
    0 => '1621571149775',
    1 => '82',
    2 => 'Mr',
    3 => 'Kamburugamuwe Loku Acharige Naleen Ramyaka Silva',
    4 => '791620384V',
    5 => '0778778753',
    6 => '2021-05-21 09:58:02',
    7 => '2021-05-21 09:55:49',
    8 => 1,
  ),
  3 => 
  array (
    0 => '1621570658016',
    1 => '82',
    2 => 'Mrs',
    3 => 'J,A,D,D,S, Jayasooriya',
    4 => '656400315V',
    5 => '332236784',
    6 => '2021-05-21 09:51:08',
    7 => '2021-05-21 09:47:38',
    8 => 1,
  ),
  4 => 
  array (
    0 => '1621496611446',
    1 => '82',
    2 => 'Mrs',
    3 => 'W,A,C,W,A, Peiris',
    4 => '627540108V',
    5 => '718562629',
    6 => '2021-05-20 13:15:19',
    7 => '2021-05-20 13:13:57',
    8 => 1,
  ),
  5 => 
  array (
    0 => '1621403764031',
    1 => '82',
    2 => 'Mr',
    3 => 'Udaya Ruwan Jasinghe',
    4 => '730231253V',
    5 => '0714115611',
    6 => '2021-05-19 11:36:09',
    7 => '2021-05-19 11:26:09',
    8 => 1,
  ),
  6 => 
  array (
    0 => '1621322204470',
    1 => '82',
    2 => 'Mr',
    3 => 'M,D, Dharmabandu',
    4 => '540211000V',
    5 => '779871239',
    6 => '2021-05-18 12:59:30',
    7 => '2021-05-18 12:47:36',
    8 => 1,
  ),
  7 => 
  array (
    0 => '1621230346293',
    1 => '82',
    2 => 'Mr',
    3 => 'N,B,H, Rodrigo',
    4 => '196101402419',
    5 => '703185858',
    6 => '2021-05-17 11:23:48',
    7 => '2021-05-17 11:15:47',
    8 => 1,
  ),
  8 => 
  array (
    0 => '1620360861567',
    1 => '82',
    2 => 'Mr',
    3 => 'Handapangoda Mudiyanselage Sarath Chandra Ranathunga',
    4 => '197308304055',
    5 => '0778705737',
    6 => '2021-05-07 09:47:01',
    7 => '2021-05-07 09:44:53',
    8 => 1,
  ),
  9 => 
  array (
    0 => '1620360399135',
    1 => '82',
    2 => 'Mr',
    3 => 'Handapangoda Mudiyanselage Sarath Chandra',
    4 => '197308304055',
    5 => '0778705737',
    6 => '2021-05-07 09:41:04',
    7 => '2021-05-07 09:37:11',
    8 => 1,
  ),
)  
[2021-05-22 20:22:13] stage.INFO: NOT fd tected and from db  
