[2021-03-01 16:35:51] laravel.EMERGENCY: Unable to create configured logger. Using emergency logger. {"exception":"[object] (InvalidArgumentException(code: 0): Log [] is not defined. at /var/www/html/sdbl/vendor/laravel/framework/src/Illuminate/Log/LogManager.php:192)
[stacktrace]
#0 /var/www/html/sdbl/vendor/laravel/framework/src/Illuminate/Log/LogManager.php(118): Illuminate\\Log\\LogManager->resolve()
#1 /var/www/html/sdbl/vendor/laravel/framework/src/Illuminate/Log/LogManager.php(98): Illuminate\\Log\\LogManager->get()
#2 /var/www/html/sdbl/vendor/laravel/framework/src/Illuminate/Log/LogManager.php(547): Illuminate\\Log\\LogManager->driver()
#3 /var/www/html/sdbl/vendor/laravel/framework/src/Illuminate/Foundation/Exceptions/Handler.php(238): Illuminate\\Log\\LogManager->error()
#4 /var/www/html/sdbl/vendor/laravel/framework/src/Illuminate/Foundation/Http/Kernel.php(404): Illuminate\\Foundation\\Exceptions\\Handler->report()
#5 /var/www/html/sdbl/vendor/laravel/framework/src/Illuminate/Foundation/Http/Kernel.php(112): Illuminate\\Foundation\\Http\\Kernel->reportException()
#6 /var/www/html/sdbl/public/index.php(52): Illuminate\\Foundation\\Http\\Kernel->handle()
#7 /var/www/html/sdbl/index.php(21): require_once('/var/www/html/s...')
#8 {main}
"} 
[2021-03-01 16:35:51] laravel.ERROR: Class 'Maatwebsite\Excel\Excel' not found {"exception":"[object] (Error(code: 0): Class 'Maatwebsite\\Excel\\Excel' not found at /var/www/html/sdbl/config/excel.php:163)
[stacktrace]
#0 /var/www/html/sdbl/vendor/laravel/framework/src/Illuminate/Foundation/Bootstrap/LoadConfiguration.php(72): require()
#1 /var/www/html/sdbl/vendor/laravel/framework/src/Illuminate/Foundation/Bootstrap/LoadConfiguration.php(39): Illuminate\\Foundation\\Bootstrap\\LoadConfiguration->loadConfigurationFiles()
#2 /var/www/html/sdbl/vendor/laravel/framework/src/Illuminate/Foundation/Application.php(230): Illuminate\\Foundation\\Bootstrap\\LoadConfiguration->bootstrap()
#3 /var/www/html/sdbl/vendor/laravel/framework/src/Illuminate/Foundation/Http/Kernel.php(152): Illuminate\\Foundation\\Application->bootstrapWith()
#4 /var/www/html/sdbl/vendor/laravel/framework/src/Illuminate/Foundation/Http/Kernel.php(136): Illuminate\\Foundation\\Http\\Kernel->bootstrap()
#5 /var/www/html/sdbl/vendor/laravel/framework/src/Illuminate/Foundation/Http/Kernel.php(110): Illuminate\\Foundation\\Http\\Kernel->sendRequestThroughRouter()
#6 /var/www/html/sdbl/public/index.php(52): Illuminate\\Foundation\\Http\\Kernel->handle()
#7 /var/www/html/sdbl/index.php(21): require_once('/var/www/html/s...')
#8 {main}
"} 
[2021-03-01 16:35:51] laravel.EMERGENCY: Unable to create configured logger. Using emergency logger. {"exception":"[object] (InvalidArgumentException(code: 0): Log [] is not defined. at /var/www/html/sdbl/vendor/laravel/framework/src/Illuminate/Log/LogManager.php:192)
[stacktrace]
#0 /var/www/html/sdbl/vendor/laravel/framework/src/Illuminate/Log/LogManager.php(118): Illuminate\\Log\\LogManager->resolve()
#1 /var/www/html/sdbl/vendor/laravel/framework/src/Illuminate/Log/LogManager.php(98): Illuminate\\Log\\LogManager->get()
#2 /var/www/html/sdbl/vendor/laravel/framework/src/Illuminate/Log/LogManager.php(547): Illuminate\\Log\\LogManager->driver()
#3 /var/www/html/sdbl/vendor/laravel/framework/src/Illuminate/Foundation/Exceptions/Handler.php(238): Illuminate\\Log\\LogManager->error()
#4 /var/www/html/sdbl/vendor/laravel/framework/src/Illuminate/Foundation/Http/Kernel.php(404): Illuminate\\Foundation\\Exceptions\\Handler->report()
#5 /var/www/html/sdbl/vendor/laravel/framework/src/Illuminate/Foundation/Http/Kernel.php(112): Illuminate\\Foundation\\Http\\Kernel->reportException()
#6 /var/www/html/sdbl/public/index.php(52): Illuminate\\Foundation\\Http\\Kernel->handle()
#7 /var/www/html/sdbl/index.php(21): require_once('/var/www/html/s...')
#8 {main}
"} 
[2021-03-01 16:35:51] laravel.ERROR: Class 'Maatwebsite\Excel\Excel' not found {"exception":"[object] (Error(code: 0): Class 'Maatwebsite\\Excel\\Excel' not found at /var/www/html/sdbl/config/excel.php:163)
[stacktrace]
#0 /var/www/html/sdbl/vendor/laravel/framework/src/Illuminate/Foundation/Bootstrap/LoadConfiguration.php(72): require()
#1 /var/www/html/sdbl/vendor/laravel/framework/src/Illuminate/Foundation/Bootstrap/LoadConfiguration.php(39): Illuminate\\Foundation\\Bootstrap\\LoadConfiguration->loadConfigurationFiles()
#2 /var/www/html/sdbl/vendor/laravel/framework/src/Illuminate/Foundation/Application.php(230): Illuminate\\Foundation\\Bootstrap\\LoadConfiguration->bootstrap()
#3 /var/www/html/sdbl/vendor/laravel/framework/src/Illuminate/Foundation/Http/Kernel.php(152): Illuminate\\Foundation\\Application->bootstrapWith()
#4 /var/www/html/sdbl/vendor/laravel/framework/src/Illuminate/Foundation/Http/Kernel.php(136): Illuminate\\Foundation\\Http\\Kernel->bootstrap()
#5 /var/www/html/sdbl/vendor/laravel/framework/src/Illuminate/Foundation/Http/Kernel.php(110): Illuminate\\Foundation\\Http\\Kernel->sendRequestThroughRouter()
#6 /var/www/html/sdbl/public/index.php(52): Illuminate\\Foundation\\Http\\Kernel->handle()
#7 /var/www/html/sdbl/index.php(21): require_once('/var/www/html/s...')
#8 {main}
"} 
[2021-03-01 16:35:56] laravel.EMERGENCY: Unable to create configured logger. Using emergency logger. {"exception":"[object] (InvalidArgumentException(code: 0): Log [] is not defined. at /var/www/html/sdbl/vendor/laravel/framework/src/Illuminate/Log/LogManager.php:192)
[stacktrace]
#0 /var/www/html/sdbl/vendor/laravel/framework/src/Illuminate/Log/LogManager.php(118): Illuminate\\Log\\LogManager->resolve()
#1 /var/www/html/sdbl/vendor/laravel/framework/src/Illuminate/Log/LogManager.php(98): Illuminate\\Log\\LogManager->get()
#2 /var/www/html/sdbl/vendor/laravel/framework/src/Illuminate/Log/LogManager.php(547): Illuminate\\Log\\LogManager->driver()
#3 /var/www/html/sdbl/vendor/laravel/framework/src/Illuminate/Foundation/Exceptions/Handler.php(238): Illuminate\\Log\\LogManager->error()
#4 /var/www/html/sdbl/vendor/laravel/framework/src/Illuminate/Foundation/Http/Kernel.php(404): Illuminate\\Foundation\\Exceptions\\Handler->report()
#5 /var/www/html/sdbl/vendor/laravel/framework/src/Illuminate/Foundation/Http/Kernel.php(112): Illuminate\\Foundation\\Http\\Kernel->reportException()
#6 /var/www/html/sdbl/public/index.php(52): Illuminate\\Foundation\\Http\\Kernel->handle()
#7 /var/www/html/sdbl/index.php(21): require_once('/var/www/html/s...')
#8 {main}
"} 
[2021-03-01 16:35:56] laravel.ERROR: Class 'Maatwebsite\Excel\Excel' not found {"exception":"[object] (Error(code: 0): Class 'Maatwebsite\\Excel\\Excel' not found at /var/www/html/sdbl/config/excel.php:163)
[stacktrace]
#0 /var/www/html/sdbl/vendor/laravel/framework/src/Illuminate/Foundation/Bootstrap/LoadConfiguration.php(72): require()
#1 /var/www/html/sdbl/vendor/laravel/framework/src/Illuminate/Foundation/Bootstrap/LoadConfiguration.php(39): Illuminate\\Foundation\\Bootstrap\\LoadConfiguration->loadConfigurationFiles()
#2 /var/www/html/sdbl/vendor/laravel/framework/src/Illuminate/Foundation/Application.php(230): Illuminate\\Foundation\\Bootstrap\\LoadConfiguration->bootstrap()
#3 /var/www/html/sdbl/vendor/laravel/framework/src/Illuminate/Foundation/Http/Kernel.php(152): Illuminate\\Foundation\\Application->bootstrapWith()
#4 /var/www/html/sdbl/vendor/laravel/framework/src/Illuminate/Foundation/Http/Kernel.php(136): Illuminate\\Foundation\\Http\\Kernel->bootstrap()
#5 /var/www/html/sdbl/vendor/laravel/framework/src/Illuminate/Foundation/Http/Kernel.php(110): Illuminate\\Foundation\\Http\\Kernel->sendRequestThroughRouter()
#6 /var/www/html/sdbl/public/index.php(52): Illuminate\\Foundation\\Http\\Kernel->handle()
#7 /var/www/html/sdbl/index.php(21): require_once('/var/www/html/s...')
#8 {main}
"} 
[2021-03-01 16:35:58] laravel.EMERGENCY: Unable to create configured logger. Using emergency logger. {"exception":"[object] (InvalidArgumentException(code: 0): Log [] is not defined. at /var/www/html/sdbl/vendor/laravel/framework/src/Illuminate/Log/LogManager.php:192)
[stacktrace]
#0 /var/www/html/sdbl/vendor/laravel/framework/src/Illuminate/Log/LogManager.php(118): Illuminate\\Log\\LogManager->resolve()
#1 /var/www/html/sdbl/vendor/laravel/framework/src/Illuminate/Log/LogManager.php(98): Illuminate\\Log\\LogManager->get()
#2 /var/www/html/sdbl/vendor/laravel/framework/src/Illuminate/Log/LogManager.php(547): Illuminate\\Log\\LogManager->driver()
#3 /var/www/html/sdbl/vendor/laravel/framework/src/Illuminate/Foundation/Exceptions/Handler.php(238): Illuminate\\Log\\LogManager->error()
#4 /var/www/html/sdbl/vendor/laravel/framework/src/Illuminate/Foundation/Http/Kernel.php(404): Illuminate\\Foundation\\Exceptions\\Handler->report()
#5 /var/www/html/sdbl/vendor/laravel/framework/src/Illuminate/Foundation/Http/Kernel.php(112): Illuminate\\Foundation\\Http\\Kernel->reportException()
#6 /var/www/html/sdbl/public/index.php(52): Illuminate\\Foundation\\Http\\Kernel->handle()
#7 /var/www/html/sdbl/index.php(21): require_once('/var/www/html/s...')
#8 {main}
"} 
[2021-03-01 16:35:58] laravel.ERROR: Class 'Maatwebsite\Excel\Excel' not found {"exception":"[object] (Error(code: 0): Class 'Maatwebsite\\Excel\\Excel' not found at /var/www/html/sdbl/config/excel.php:163)
[stacktrace]
#0 /var/www/html/sdbl/vendor/laravel/framework/src/Illuminate/Foundation/Bootstrap/LoadConfiguration.php(72): require()
#1 /var/www/html/sdbl/vendor/laravel/framework/src/Illuminate/Foundation/Bootstrap/LoadConfiguration.php(39): Illuminate\\Foundation\\Bootstrap\\LoadConfiguration->loadConfigurationFiles()
#2 /var/www/html/sdbl/vendor/laravel/framework/src/Illuminate/Foundation/Application.php(230): Illuminate\\Foundation\\Bootstrap\\LoadConfiguration->bootstrap()
#3 /var/www/html/sdbl/vendor/laravel/framework/src/Illuminate/Foundation/Http/Kernel.php(152): Illuminate\\Foundation\\Application->bootstrapWith()
#4 /var/www/html/sdbl/vendor/laravel/framework/src/Illuminate/Foundation/Http/Kernel.php(136): Illuminate\\Foundation\\Http\\Kernel->bootstrap()
#5 /var/www/html/sdbl/vendor/laravel/framework/src/Illuminate/Foundation/Http/Kernel.php(110): Illuminate\\Foundation\\Http\\Kernel->sendRequestThroughRouter()
#6 /var/www/html/sdbl/public/index.php(52): Illuminate\\Foundation\\Http\\Kernel->handle()
#7 /var/www/html/sdbl/index.php(21): require_once('/var/www/html/s...')
#8 {main}
"} 
[2021-03-01 16:35:59] laravel.EMERGENCY: Unable to create configured logger. Using emergency logger. {"exception":"[object] (InvalidArgumentException(code: 0): Log [] is not defined. at /var/www/html/sdbl/vendor/laravel/framework/src/Illuminate/Log/LogManager.php:192)
[stacktrace]
#0 /var/www/html/sdbl/vendor/laravel/framework/src/Illuminate/Log/LogManager.php(118): Illuminate\\Log\\LogManager->resolve()
#1 /var/www/html/sdbl/vendor/laravel/framework/src/Illuminate/Log/LogManager.php(98): Illuminate\\Log\\LogManager->get()
#2 /var/www/html/sdbl/vendor/laravel/framework/src/Illuminate/Log/LogManager.php(547): Illuminate\\Log\\LogManager->driver()
#3 /var/www/html/sdbl/vendor/laravel/framework/src/Illuminate/Foundation/Exceptions/Handler.php(238): Illuminate\\Log\\LogManager->error()
#4 /var/www/html/sdbl/vendor/laravel/framework/src/Illuminate/Foundation/Http/Kernel.php(404): Illuminate\\Foundation\\Exceptions\\Handler->report()
#5 /var/www/html/sdbl/vendor/laravel/framework/src/Illuminate/Foundation/Http/Kernel.php(112): Illuminate\\Foundation\\Http\\Kernel->reportException()
#6 /var/www/html/sdbl/public/index.php(52): Illuminate\\Foundation\\Http\\Kernel->handle()
#7 /var/www/html/sdbl/index.php(21): require_once('/var/www/html/s...')
#8 {main}
"} 
[2021-03-01 16:35:59] laravel.ERROR: Class 'Maatwebsite\Excel\Excel' not found {"exception":"[object] (Error(code: 0): Class 'Maatwebsite\\Excel\\Excel' not found at /var/www/html/sdbl/config/excel.php:163)
[stacktrace]
#0 /var/www/html/sdbl/vendor/laravel/framework/src/Illuminate/Foundation/Bootstrap/LoadConfiguration.php(72): require()
#1 /var/www/html/sdbl/vendor/laravel/framework/src/Illuminate/Foundation/Bootstrap/LoadConfiguration.php(39): Illuminate\\Foundation\\Bootstrap\\LoadConfiguration->loadConfigurationFiles()
#2 /var/www/html/sdbl/vendor/laravel/framework/src/Illuminate/Foundation/Application.php(230): Illuminate\\Foundation\\Bootstrap\\LoadConfiguration->bootstrap()
#3 /var/www/html/sdbl/vendor/laravel/framework/src/Illuminate/Foundation/Http/Kernel.php(152): Illuminate\\Foundation\\Application->bootstrapWith()
#4 /var/www/html/sdbl/vendor/laravel/framework/src/Illuminate/Foundation/Http/Kernel.php(136): Illuminate\\Foundation\\Http\\Kernel->bootstrap()
#5 /var/www/html/sdbl/vendor/laravel/framework/src/Illuminate/Foundation/Http/Kernel.php(110): Illuminate\\Foundation\\Http\\Kernel->sendRequestThroughRouter()
#6 /var/www/html/sdbl/public/index.php(52): Illuminate\\Foundation\\Http\\Kernel->handle()
#7 /var/www/html/sdbl/index.php(21): require_once('/var/www/html/s...')
#8 {main}
"} 
[2021-03-01 16:36:00] laravel.EMERGENCY: Unable to create configured logger. Using emergency logger. {"exception":"[object] (InvalidArgumentException(code: 0): Log [] is not defined. at /var/www/html/sdbl/vendor/laravel/framework/src/Illuminate/Log/LogManager.php:192)
[stacktrace]
#0 /var/www/html/sdbl/vendor/laravel/framework/src/Illuminate/Log/LogManager.php(118): Illuminate\\Log\\LogManager->resolve()
#1 /var/www/html/sdbl/vendor/laravel/framework/src/Illuminate/Log/LogManager.php(98): Illuminate\\Log\\LogManager->get()
#2 /var/www/html/sdbl/vendor/laravel/framework/src/Illuminate/Log/LogManager.php(547): Illuminate\\Log\\LogManager->driver()
#3 /var/www/html/sdbl/vendor/laravel/framework/src/Illuminate/Foundation/Exceptions/Handler.php(238): Illuminate\\Log\\LogManager->error()
#4 /var/www/html/sdbl/vendor/laravel/framework/src/Illuminate/Foundation/Http/Kernel.php(404): Illuminate\\Foundation\\Exceptions\\Handler->report()
#5 /var/www/html/sdbl/vendor/laravel/framework/src/Illuminate/Foundation/Http/Kernel.php(112): Illuminate\\Foundation\\Http\\Kernel->reportException()
#6 /var/www/html/sdbl/public/index.php(52): Illuminate\\Foundation\\Http\\Kernel->handle()
#7 /var/www/html/sdbl/index.php(21): require_once('/var/www/html/s...')
#8 {main}
"} 
[2021-03-01 16:36:00] laravel.ERROR: Class 'Maatwebsite\Excel\Excel' not found {"exception":"[object] (Error(code: 0): Class 'Maatwebsite\\Excel\\Excel' not found at /var/www/html/sdbl/config/excel.php:163)
[stacktrace]
#0 /var/www/html/sdbl/vendor/laravel/framework/src/Illuminate/Foundation/Bootstrap/LoadConfiguration.php(72): require()
#1 /var/www/html/sdbl/vendor/laravel/framework/src/Illuminate/Foundation/Bootstrap/LoadConfiguration.php(39): Illuminate\\Foundation\\Bootstrap\\LoadConfiguration->loadConfigurationFiles()
#2 /var/www/html/sdbl/vendor/laravel/framework/src/Illuminate/Foundation/Application.php(230): Illuminate\\Foundation\\Bootstrap\\LoadConfiguration->bootstrap()
#3 /var/www/html/sdbl/vendor/laravel/framework/src/Illuminate/Foundation/Http/Kernel.php(152): Illuminate\\Foundation\\Application->bootstrapWith()
#4 /var/www/html/sdbl/vendor/laravel/framework/src/Illuminate/Foundation/Http/Kernel.php(136): Illuminate\\Foundation\\Http\\Kernel->bootstrap()
#5 /var/www/html/sdbl/vendor/laravel/framework/src/Illuminate/Foundation/Http/Kernel.php(110): Illuminate\\Foundation\\Http\\Kernel->sendRequestThroughRouter()
#6 /var/www/html/sdbl/public/index.php(52): Illuminate\\Foundation\\Http\\Kernel->handle()
#7 /var/www/html/sdbl/index.php(21): require_once('/var/www/html/s...')
#8 {main}
"} 
[2021-03-01 16:36:01] laravel.EMERGENCY: Unable to create configured logger. Using emergency logger. {"exception":"[object] (InvalidArgumentException(code: 0): Log [] is not defined. at /var/www/html/sdbl/vendor/laravel/framework/src/Illuminate/Log/LogManager.php:192)
[stacktrace]
#0 /var/www/html/sdbl/vendor/laravel/framework/src/Illuminate/Log/LogManager.php(118): Illuminate\\Log\\LogManager->resolve()
#1 /var/www/html/sdbl/vendor/laravel/framework/src/Illuminate/Log/LogManager.php(98): Illuminate\\Log\\LogManager->get()
#2 /var/www/html/sdbl/vendor/laravel/framework/src/Illuminate/Log/LogManager.php(547): Illuminate\\Log\\LogManager->driver()
#3 /var/www/html/sdbl/vendor/laravel/framework/src/Illuminate/Foundation/Exceptions/Handler.php(238): Illuminate\\Log\\LogManager->error()
#4 /var/www/html/sdbl/vendor/laravel/framework/src/Illuminate/Foundation/Http/Kernel.php(404): Illuminate\\Foundation\\Exceptions\\Handler->report()
#5 /var/www/html/sdbl/vendor/laravel/framework/src/Illuminate/Foundation/Http/Kernel.php(112): Illuminate\\Foundation\\Http\\Kernel->reportException()
#6 /var/www/html/sdbl/public/index.php(52): Illuminate\\Foundation\\Http\\Kernel->handle()
#7 /var/www/html/sdbl/index.php(21): require_once('/var/www/html/s...')
#8 {main}
"} 
[2021-03-01 16:36:01] laravel.ERROR: Class 'Maatwebsite\Excel\Excel' not found {"exception":"[object] (Error(code: 0): Class 'Maatwebsite\\Excel\\Excel' not found at /var/www/html/sdbl/config/excel.php:163)
[stacktrace]
#0 /var/www/html/sdbl/vendor/laravel/framework/src/Illuminate/Foundation/Bootstrap/LoadConfiguration.php(72): require()
#1 /var/www/html/sdbl/vendor/laravel/framework/src/Illuminate/Foundation/Bootstrap/LoadConfiguration.php(39): Illuminate\\Foundation\\Bootstrap\\LoadConfiguration->loadConfigurationFiles()
#2 /var/www/html/sdbl/vendor/laravel/framework/src/Illuminate/Foundation/Application.php(230): Illuminate\\Foundation\\Bootstrap\\LoadConfiguration->bootstrap()
#3 /var/www/html/sdbl/vendor/laravel/framework/src/Illuminate/Foundation/Http/Kernel.php(152): Illuminate\\Foundation\\Application->bootstrapWith()
#4 /var/www/html/sdbl/vendor/laravel/framework/src/Illuminate/Foundation/Http/Kernel.php(136): Illuminate\\Foundation\\Http\\Kernel->bootstrap()
#5 /var/www/html/sdbl/vendor/laravel/framework/src/Illuminate/Foundation/Http/Kernel.php(110): Illuminate\\Foundation\\Http\\Kernel->sendRequestThroughRouter()
#6 /var/www/html/sdbl/public/index.php(52): Illuminate\\Foundation\\Http\\Kernel->handle()
#7 /var/www/html/sdbl/index.php(21): require_once('/var/www/html/s...')
#8 {main}
"} 
[2021-03-01 16:36:03] laravel.EMERGENCY: Unable to create configured logger. Using emergency logger. {"exception":"[object] (InvalidArgumentException(code: 0): Log [] is not defined. at /var/www/html/sdbl/vendor/laravel/framework/src/Illuminate/Log/LogManager.php:192)
[stacktrace]
#0 /var/www/html/sdbl/vendor/laravel/framework/src/Illuminate/Log/LogManager.php(118): Illuminate\\Log\\LogManager->resolve()
#1 /var/www/html/sdbl/vendor/laravel/framework/src/Illuminate/Log/LogManager.php(98): Illuminate\\Log\\LogManager->get()
#2 /var/www/html/sdbl/vendor/laravel/framework/src/Illuminate/Log/LogManager.php(547): Illuminate\\Log\\LogManager->driver()
#3 /var/www/html/sdbl/vendor/laravel/framework/src/Illuminate/Foundation/Exceptions/Handler.php(238): Illuminate\\Log\\LogManager->error()
#4 /var/www/html/sdbl/vendor/laravel/framework/src/Illuminate/Foundation/Http/Kernel.php(404): Illuminate\\Foundation\\Exceptions\\Handler->report()
#5 /var/www/html/sdbl/vendor/laravel/framework/src/Illuminate/Foundation/Http/Kernel.php(112): Illuminate\\Foundation\\Http\\Kernel->reportException()
#6 /var/www/html/sdbl/public/index.php(52): Illuminate\\Foundation\\Http\\Kernel->handle()
#7 /var/www/html/sdbl/index.php(21): require_once('/var/www/html/s...')
#8 {main}
"} 
[2021-03-01 16:36:03] laravel.ERROR: Class 'Maatwebsite\Excel\Excel' not found {"exception":"[object] (Error(code: 0): Class 'Maatwebsite\\Excel\\Excel' not found at /var/www/html/sdbl/config/excel.php:163)
[stacktrace]
#0 /var/www/html/sdbl/vendor/laravel/framework/src/Illuminate/Foundation/Bootstrap/LoadConfiguration.php(72): require()
#1 /var/www/html/sdbl/vendor/laravel/framework/src/Illuminate/Foundation/Bootstrap/LoadConfiguration.php(39): Illuminate\\Foundation\\Bootstrap\\LoadConfiguration->loadConfigurationFiles()
#2 /var/www/html/sdbl/vendor/laravel/framework/src/Illuminate/Foundation/Application.php(230): Illuminate\\Foundation\\Bootstrap\\LoadConfiguration->bootstrap()
#3 /var/www/html/sdbl/vendor/laravel/framework/src/Illuminate/Foundation/Http/Kernel.php(152): Illuminate\\Foundation\\Application->bootstrapWith()
#4 /var/www/html/sdbl/vendor/laravel/framework/src/Illuminate/Foundation/Http/Kernel.php(136): Illuminate\\Foundation\\Http\\Kernel->bootstrap()
#5 /var/www/html/sdbl/vendor/laravel/framework/src/Illuminate/Foundation/Http/Kernel.php(110): Illuminate\\Foundation\\Http\\Kernel->sendRequestThroughRouter()
#6 /var/www/html/sdbl/public/index.php(52): Illuminate\\Foundation\\Http\\Kernel->handle()
#7 /var/www/html/sdbl/index.php(21): require_once('/var/www/html/s...')
#8 {main}
"} 
[2021-03-01 16:36:05] laravel.EMERGENCY: Unable to create configured logger. Using emergency logger. {"exception":"[object] (InvalidArgumentException(code: 0): Log [] is not defined. at /var/www/html/sdbl/vendor/laravel/framework/src/Illuminate/Log/LogManager.php:192)
[stacktrace]
#0 /var/www/html/sdbl/vendor/laravel/framework/src/Illuminate/Log/LogManager.php(118): Illuminate\\Log\\LogManager->resolve()
#1 /var/www/html/sdbl/vendor/laravel/framework/src/Illuminate/Log/LogManager.php(98): Illuminate\\Log\\LogManager->get()
#2 /var/www/html/sdbl/vendor/laravel/framework/src/Illuminate/Log/LogManager.php(547): Illuminate\\Log\\LogManager->driver()
#3 /var/www/html/sdbl/vendor/laravel/framework/src/Illuminate/Foundation/Exceptions/Handler.php(238): Illuminate\\Log\\LogManager->error()
#4 /var/www/html/sdbl/vendor/laravel/framework/src/Illuminate/Foundation/Http/Kernel.php(404): Illuminate\\Foundation\\Exceptions\\Handler->report()
#5 /var/www/html/sdbl/vendor/laravel/framework/src/Illuminate/Foundation/Http/Kernel.php(112): Illuminate\\Foundation\\Http\\Kernel->reportException()
#6 /var/www/html/sdbl/public/index.php(52): Illuminate\\Foundation\\Http\\Kernel->handle()
#7 /var/www/html/sdbl/index.php(21): require_once('/var/www/html/s...')
#8 {main}
"} 
[2021-03-01 16:36:05] laravel.ERROR: Class 'Maatwebsite\Excel\Excel' not found {"exception":"[object] (Error(code: 0): Class 'Maatwebsite\\Excel\\Excel' not found at /var/www/html/sdbl/config/excel.php:163)
[stacktrace]
#0 /var/www/html/sdbl/vendor/laravel/framework/src/Illuminate/Foundation/Bootstrap/LoadConfiguration.php(72): require()
#1 /var/www/html/sdbl/vendor/laravel/framework/src/Illuminate/Foundation/Bootstrap/LoadConfiguration.php(39): Illuminate\\Foundation\\Bootstrap\\LoadConfiguration->loadConfigurationFiles()
#2 /var/www/html/sdbl/vendor/laravel/framework/src/Illuminate/Foundation/Application.php(230): Illuminate\\Foundation\\Bootstrap\\LoadConfiguration->bootstrap()
#3 /var/www/html/sdbl/vendor/laravel/framework/src/Illuminate/Foundation/Http/Kernel.php(152): Illuminate\\Foundation\\Application->bootstrapWith()
#4 /var/www/html/sdbl/vendor/laravel/framework/src/Illuminate/Foundation/Http/Kernel.php(136): Illuminate\\Foundation\\Http\\Kernel->bootstrap()
#5 /var/www/html/sdbl/vendor/laravel/framework/src/Illuminate/Foundation/Http/Kernel.php(110): Illuminate\\Foundation\\Http\\Kernel->sendRequestThroughRouter()
#6 /var/www/html/sdbl/public/index.php(52): Illuminate\\Foundation\\Http\\Kernel->handle()
#7 /var/www/html/sdbl/index.php(21): require_once('/var/www/html/s...')
#8 {main}
"} 
[2021-03-01 16:36:06] laravel.EMERGENCY: Unable to create configured logger. Using emergency logger. {"exception":"[object] (InvalidArgumentException(code: 0): Log [] is not defined. at /var/www/html/sdbl/vendor/laravel/framework/src/Illuminate/Log/LogManager.php:192)
[stacktrace]
#0 /var/www/html/sdbl/vendor/laravel/framework/src/Illuminate/Log/LogManager.php(118): Illuminate\\Log\\LogManager->resolve()
#1 /var/www/html/sdbl/vendor/laravel/framework/src/Illuminate/Log/LogManager.php(98): Illuminate\\Log\\LogManager->get()
#2 /var/www/html/sdbl/vendor/laravel/framework/src/Illuminate/Log/LogManager.php(547): Illuminate\\Log\\LogManager->driver()
#3 /var/www/html/sdbl/vendor/laravel/framework/src/Illuminate/Foundation/Exceptions/Handler.php(238): Illuminate\\Log\\LogManager->error()
#4 /var/www/html/sdbl/vendor/laravel/framework/src/Illuminate/Foundation/Http/Kernel.php(404): Illuminate\\Foundation\\Exceptions\\Handler->report()
#5 /var/www/html/sdbl/vendor/laravel/framework/src/Illuminate/Foundation/Http/Kernel.php(112): Illuminate\\Foundation\\Http\\Kernel->reportException()
#6 /var/www/html/sdbl/public/index.php(52): Illuminate\\Foundation\\Http\\Kernel->handle()
#7 /var/www/html/sdbl/index.php(21): require_once('/var/www/html/s...')
#8 {main}
"} 
[2021-03-01 16:36:06] laravel.ERROR: Class 'Maatwebsite\Excel\Excel' not found {"exception":"[object] (Error(code: 0): Class 'Maatwebsite\\Excel\\Excel' not found at /var/www/html/sdbl/config/excel.php:163)
[stacktrace]
#0 /var/www/html/sdbl/vendor/laravel/framework/src/Illuminate/Foundation/Bootstrap/LoadConfiguration.php(72): require()
#1 /var/www/html/sdbl/vendor/laravel/framework/src/Illuminate/Foundation/Bootstrap/LoadConfiguration.php(39): Illuminate\\Foundation\\Bootstrap\\LoadConfiguration->loadConfigurationFiles()
#2 /var/www/html/sdbl/vendor/laravel/framework/src/Illuminate/Foundation/Application.php(230): Illuminate\\Foundation\\Bootstrap\\LoadConfiguration->bootstrap()
#3 /var/www/html/sdbl/vendor/laravel/framework/src/Illuminate/Foundation/Http/Kernel.php(152): Illuminate\\Foundation\\Application->bootstrapWith()
#4 /var/www/html/sdbl/vendor/laravel/framework/src/Illuminate/Foundation/Http/Kernel.php(136): Illuminate\\Foundation\\Http\\Kernel->bootstrap()
#5 /var/www/html/sdbl/vendor/laravel/framework/src/Illuminate/Foundation/Http/Kernel.php(110): Illuminate\\Foundation\\Http\\Kernel->sendRequestThroughRouter()
#6 /var/www/html/sdbl/public/index.php(52): Illuminate\\Foundation\\Http\\Kernel->handle()
#7 /var/www/html/sdbl/index.php(21): require_once('/var/www/html/s...')
#8 {main}
"} 
[2021-03-01 16:36:06] laravel.EMERGENCY: Unable to create configured logger. Using emergency logger. {"exception":"[object] (InvalidArgumentException(code: 0): Log [] is not defined. at /var/www/html/sdbl/vendor/laravel/framework/src/Illuminate/Log/LogManager.php:192)
[stacktrace]
#0 /var/www/html/sdbl/vendor/laravel/framework/src/Illuminate/Log/LogManager.php(118): Illuminate\\Log\\LogManager->resolve()
#1 /var/www/html/sdbl/vendor/laravel/framework/src/Illuminate/Log/LogManager.php(98): Illuminate\\Log\\LogManager->get()
#2 /var/www/html/sdbl/vendor/laravel/framework/src/Illuminate/Log/LogManager.php(547): Illuminate\\Log\\LogManager->driver()
#3 /var/www/html/sdbl/vendor/laravel/framework/src/Illuminate/Foundation/Exceptions/Handler.php(238): Illuminate\\Log\\LogManager->error()
#4 /var/www/html/sdbl/vendor/laravel/framework/src/Illuminate/Foundation/Http/Kernel.php(404): Illuminate\\Foundation\\Exceptions\\Handler->report()
#5 /var/www/html/sdbl/vendor/laravel/framework/src/Illuminate/Foundation/Http/Kernel.php(112): Illuminate\\Foundation\\Http\\Kernel->reportException()
#6 /var/www/html/sdbl/public/index.php(52): Illuminate\\Foundation\\Http\\Kernel->handle()
#7 /var/www/html/sdbl/index.php(21): require_once('/var/www/html/s...')
#8 {main}
"} 
[2021-03-01 16:36:06] laravel.ERROR: Class 'Maatwebsite\Excel\Excel' not found {"exception":"[object] (Error(code: 0): Class 'Maatwebsite\\Excel\\Excel' not found at /var/www/html/sdbl/config/excel.php:163)
[stacktrace]
#0 /var/www/html/sdbl/vendor/laravel/framework/src/Illuminate/Foundation/Bootstrap/LoadConfiguration.php(72): require()
#1 /var/www/html/sdbl/vendor/laravel/framework/src/Illuminate/Foundation/Bootstrap/LoadConfiguration.php(39): Illuminate\\Foundation\\Bootstrap\\LoadConfiguration->loadConfigurationFiles()
#2 /var/www/html/sdbl/vendor/laravel/framework/src/Illuminate/Foundation/Application.php(230): Illuminate\\Foundation\\Bootstrap\\LoadConfiguration->bootstrap()
#3 /var/www/html/sdbl/vendor/laravel/framework/src/Illuminate/Foundation/Http/Kernel.php(152): Illuminate\\Foundation\\Application->bootstrapWith()
#4 /var/www/html/sdbl/vendor/laravel/framework/src/Illuminate/Foundation/Http/Kernel.php(136): Illuminate\\Foundation\\Http\\Kernel->bootstrap()
#5 /var/www/html/sdbl/vendor/laravel/framework/src/Illuminate/Foundation/Http/Kernel.php(110): Illuminate\\Foundation\\Http\\Kernel->sendRequestThroughRouter()
#6 /var/www/html/sdbl/public/index.php(52): Illuminate\\Foundation\\Http\\Kernel->handle()
#7 /var/www/html/sdbl/index.php(21): require_once('/var/www/html/s...')
#8 {main}
"} 
[2021-03-01 16:36:10] laravel.EMERGENCY: Unable to create configured logger. Using emergency logger. {"exception":"[object] (InvalidArgumentException(code: 0): Log [] is not defined. at /var/www/html/sdbl/vendor/laravel/framework/src/Illuminate/Log/LogManager.php:192)
[stacktrace]
#0 /var/www/html/sdbl/vendor/laravel/framework/src/Illuminate/Log/LogManager.php(118): Illuminate\\Log\\LogManager->resolve()
#1 /var/www/html/sdbl/vendor/laravel/framework/src/Illuminate/Log/LogManager.php(98): Illuminate\\Log\\LogManager->get()
#2 /var/www/html/sdbl/vendor/laravel/framework/src/Illuminate/Log/LogManager.php(547): Illuminate\\Log\\LogManager->driver()
#3 /var/www/html/sdbl/vendor/laravel/framework/src/Illuminate/Foundation/Exceptions/Handler.php(238): Illuminate\\Log\\LogManager->error()
#4 /var/www/html/sdbl/vendor/laravel/framework/src/Illuminate/Foundation/Http/Kernel.php(404): Illuminate\\Foundation\\Exceptions\\Handler->report()
#5 /var/www/html/sdbl/vendor/laravel/framework/src/Illuminate/Foundation/Http/Kernel.php(112): Illuminate\\Foundation\\Http\\Kernel->reportException()
#6 /var/www/html/sdbl/public/index.php(52): Illuminate\\Foundation\\Http\\Kernel->handle()
#7 /var/www/html/sdbl/index.php(21): require_once('/var/www/html/s...')
#8 {main}
"} 
[2021-03-01 16:36:10] laravel.ERROR: Class 'Maatwebsite\Excel\Excel' not found {"exception":"[object] (Error(code: 0): Class 'Maatwebsite\\Excel\\Excel' not found at /var/www/html/sdbl/config/excel.php:163)
[stacktrace]
#0 /var/www/html/sdbl/vendor/laravel/framework/src/Illuminate/Foundation/Bootstrap/LoadConfiguration.php(72): require()
#1 /var/www/html/sdbl/vendor/laravel/framework/src/Illuminate/Foundation/Bootstrap/LoadConfiguration.php(39): Illuminate\\Foundation\\Bootstrap\\LoadConfiguration->loadConfigurationFiles()
#2 /var/www/html/sdbl/vendor/laravel/framework/src/Illuminate/Foundation/Application.php(230): Illuminate\\Foundation\\Bootstrap\\LoadConfiguration->bootstrap()
#3 /var/www/html/sdbl/vendor/laravel/framework/src/Illuminate/Foundation/Http/Kernel.php(152): Illuminate\\Foundation\\Application->bootstrapWith()
#4 /var/www/html/sdbl/vendor/laravel/framework/src/Illuminate/Foundation/Http/Kernel.php(136): Illuminate\\Foundation\\Http\\Kernel->bootstrap()
#5 /var/www/html/sdbl/vendor/laravel/framework/src/Illuminate/Foundation/Http/Kernel.php(110): Illuminate\\Foundation\\Http\\Kernel->sendRequestThroughRouter()
#6 /var/www/html/sdbl/public/index.php(52): Illuminate\\Foundation\\Http\\Kernel->handle()
#7 /var/www/html/sdbl/index.php(21): require_once('/var/www/html/s...')
#8 {main}
"} 
[2021-03-01 16:36:13] laravel.EMERGENCY: Unable to create configured logger. Using emergency logger. {"exception":"[object] (InvalidArgumentException(code: 0): Log [] is not defined. at /var/www/html/sdbl/vendor/laravel/framework/src/Illuminate/Log/LogManager.php:192)
[stacktrace]
#0 /var/www/html/sdbl/vendor/laravel/framework/src/Illuminate/Log/LogManager.php(118): Illuminate\\Log\\LogManager->resolve()
#1 /var/www/html/sdbl/vendor/laravel/framework/src/Illuminate/Log/LogManager.php(98): Illuminate\\Log\\LogManager->get()
#2 /var/www/html/sdbl/vendor/laravel/framework/src/Illuminate/Log/LogManager.php(547): Illuminate\\Log\\LogManager->driver()
#3 /var/www/html/sdbl/vendor/laravel/framework/src/Illuminate/Foundation/Exceptions/Handler.php(238): Illuminate\\Log\\LogManager->error()
#4 /var/www/html/sdbl/vendor/laravel/framework/src/Illuminate/Foundation/Http/Kernel.php(404): Illuminate\\Foundation\\Exceptions\\Handler->report()
#5 /var/www/html/sdbl/vendor/laravel/framework/src/Illuminate/Foundation/Http/Kernel.php(112): Illuminate\\Foundation\\Http\\Kernel->reportException()
#6 /var/www/html/sdbl/public/index.php(52): Illuminate\\Foundation\\Http\\Kernel->handle()
#7 /var/www/html/sdbl/index.php(21): require_once('/var/www/html/s...')
#8 {main}
"} 
[2021-03-01 16:36:13] laravel.ERROR: Class 'Maatwebsite\Excel\Excel' not found {"exception":"[object] (Error(code: 0): Class 'Maatwebsite\\Excel\\Excel' not found at /var/www/html/sdbl/config/excel.php:163)
[stacktrace]
#0 /var/www/html/sdbl/vendor/laravel/framework/src/Illuminate/Foundation/Bootstrap/LoadConfiguration.php(72): require()
#1 /var/www/html/sdbl/vendor/laravel/framework/src/Illuminate/Foundation/Bootstrap/LoadConfiguration.php(39): Illuminate\\Foundation\\Bootstrap\\LoadConfiguration->loadConfigurationFiles()
#2 /var/www/html/sdbl/vendor/laravel/framework/src/Illuminate/Foundation/Application.php(230): Illuminate\\Foundation\\Bootstrap\\LoadConfiguration->bootstrap()
#3 /var/www/html/sdbl/vendor/laravel/framework/src/Illuminate/Foundation/Http/Kernel.php(152): Illuminate\\Foundation\\Application->bootstrapWith()
#4 /var/www/html/sdbl/vendor/laravel/framework/src/Illuminate/Foundation/Http/Kernel.php(136): Illuminate\\Foundation\\Http\\Kernel->bootstrap()
#5 /var/www/html/sdbl/vendor/laravel/framework/src/Illuminate/Foundation/Http/Kernel.php(110): Illuminate\\Foundation\\Http\\Kernel->sendRequestThroughRouter()
#6 /var/www/html/sdbl/public/index.php(52): Illuminate\\Foundation\\Http\\Kernel->handle()
#7 /var/www/html/sdbl/index.php(21): require_once('/var/www/html/s...')
#8 {main}
"} 
[2021-03-01 16:36:13] laravel.EMERGENCY: Unable to create configured logger. Using emergency logger. {"exception":"[object] (InvalidArgumentException(code: 0): Log [] is not defined. at /var/www/html/sdbl/vendor/laravel/framework/src/Illuminate/Log/LogManager.php:192)
[stacktrace]
#0 /var/www/html/sdbl/vendor/laravel/framework/src/Illuminate/Log/LogManager.php(118): Illuminate\\Log\\LogManager->resolve()
#1 /var/www/html/sdbl/vendor/laravel/framework/src/Illuminate/Log/LogManager.php(98): Illuminate\\Log\\LogManager->get()
#2 /var/www/html/sdbl/vendor/laravel/framework/src/Illuminate/Log/LogManager.php(547): Illuminate\\Log\\LogManager->driver()
#3 /var/www/html/sdbl/vendor/laravel/framework/src/Illuminate/Foundation/Exceptions/Handler.php(238): Illuminate\\Log\\LogManager->error()
#4 /var/www/html/sdbl/vendor/laravel/framework/src/Illuminate/Foundation/Http/Kernel.php(404): Illuminate\\Foundation\\Exceptions\\Handler->report()
#5 /var/www/html/sdbl/vendor/laravel/framework/src/Illuminate/Foundation/Http/Kernel.php(112): Illuminate\\Foundation\\Http\\Kernel->reportException()
#6 /var/www/html/sdbl/public/index.php(52): Illuminate\\Foundation\\Http\\Kernel->handle()
#7 /var/www/html/sdbl/index.php(21): require_once('/var/www/html/s...')
#8 {main}
"} 
[2021-03-01 16:36:13] laravel.ERROR: Class 'Maatwebsite\Excel\Excel' not found {"exception":"[object] (Error(code: 0): Class 'Maatwebsite\\Excel\\Excel' not found at /var/www/html/sdbl/config/excel.php:163)
[stacktrace]
#0 /var/www/html/sdbl/vendor/laravel/framework/src/Illuminate/Foundation/Bootstrap/LoadConfiguration.php(72): require()
#1 /var/www/html/sdbl/vendor/laravel/framework/src/Illuminate/Foundation/Bootstrap/LoadConfiguration.php(39): Illuminate\\Foundation\\Bootstrap\\LoadConfiguration->loadConfigurationFiles()
#2 /var/www/html/sdbl/vendor/laravel/framework/src/Illuminate/Foundation/Application.php(230): Illuminate\\Foundation\\Bootstrap\\LoadConfiguration->bootstrap()
#3 /var/www/html/sdbl/vendor/laravel/framework/src/Illuminate/Foundation/Http/Kernel.php(152): Illuminate\\Foundation\\Application->bootstrapWith()
#4 /var/www/html/sdbl/vendor/laravel/framework/src/Illuminate/Foundation/Http/Kernel.php(136): Illuminate\\Foundation\\Http\\Kernel->bootstrap()
#5 /var/www/html/sdbl/vendor/laravel/framework/src/Illuminate/Foundation/Http/Kernel.php(110): Illuminate\\Foundation\\Http\\Kernel->sendRequestThroughRouter()
#6 /var/www/html/sdbl/public/index.php(52): Illuminate\\Foundation\\Http\\Kernel->handle()
#7 /var/www/html/sdbl/index.php(21): require_once('/var/www/html/s...')
#8 {main}
"} 
[2021-03-01 17:00:57] laravel.EMERGENCY: Unable to create configured logger. Using emergency logger. {"exception":"[object] (InvalidArgumentException(code: 0): Log [] is not defined. at /var/www/html/sdbl/vendor/laravel/framework/src/Illuminate/Log/LogManager.php:192)
[stacktrace]
#0 /var/www/html/sdbl/vendor/laravel/framework/src/Illuminate/Log/LogManager.php(118): Illuminate\\Log\\LogManager->resolve()
#1 /var/www/html/sdbl/vendor/laravel/framework/src/Illuminate/Log/LogManager.php(98): Illuminate\\Log\\LogManager->get()
#2 /var/www/html/sdbl/vendor/laravel/framework/src/Illuminate/Log/LogManager.php(547): Illuminate\\Log\\LogManager->driver()
#3 /var/www/html/sdbl/vendor/laravel/framework/src/Illuminate/Foundation/Exceptions/Handler.php(238): Illuminate\\Log\\LogManager->error()
#4 /var/www/html/sdbl/vendor/laravel/framework/src/Illuminate/Foundation/Http/Kernel.php(404): Illuminate\\Foundation\\Exceptions\\Handler->report()
#5 /var/www/html/sdbl/vendor/laravel/framework/src/Illuminate/Foundation/Http/Kernel.php(112): Illuminate\\Foundation\\Http\\Kernel->reportException()
#6 /var/www/html/sdbl/public/index.php(52): Illuminate\\Foundation\\Http\\Kernel->handle()
#7 /var/www/html/sdbl/index.php(21): require_once('/var/www/html/s...')
#8 {main}
"} 
[2021-03-01 17:00:57] laravel.ERROR: Class 'Maatwebsite\Excel\Excel' not found {"exception":"[object] (Error(code: 0): Class 'Maatwebsite\\Excel\\Excel' not found at /var/www/html/sdbl/config/excel.php:163)
[stacktrace]
#0 /var/www/html/sdbl/vendor/laravel/framework/src/Illuminate/Foundation/Bootstrap/LoadConfiguration.php(72): require()
#1 /var/www/html/sdbl/vendor/laravel/framework/src/Illuminate/Foundation/Bootstrap/LoadConfiguration.php(39): Illuminate\\Foundation\\Bootstrap\\LoadConfiguration->loadConfigurationFiles()
#2 /var/www/html/sdbl/vendor/laravel/framework/src/Illuminate/Foundation/Application.php(230): Illuminate\\Foundation\\Bootstrap\\LoadConfiguration->bootstrap()
#3 /var/www/html/sdbl/vendor/laravel/framework/src/Illuminate/Foundation/Http/Kernel.php(152): Illuminate\\Foundation\\Application->bootstrapWith()
#4 /var/www/html/sdbl/vendor/laravel/framework/src/Illuminate/Foundation/Http/Kernel.php(136): Illuminate\\Foundation\\Http\\Kernel->bootstrap()
#5 /var/www/html/sdbl/vendor/laravel/framework/src/Illuminate/Foundation/Http/Kernel.php(110): Illuminate\\Foundation\\Http\\Kernel->sendRequestThroughRouter()
#6 /var/www/html/sdbl/public/index.php(52): Illuminate\\Foundation\\Http\\Kernel->handle()
#7 /var/www/html/sdbl/index.php(21): require_once('/var/www/html/s...')
#8 {main}
"} 
[2021-03-01 17:00:59] laravel.EMERGENCY: Unable to create configured logger. Using emergency logger. {"exception":"[object] (InvalidArgumentException(code: 0): Log [] is not defined. at /var/www/html/sdbl/vendor/laravel/framework/src/Illuminate/Log/LogManager.php:192)
[stacktrace]
#0 /var/www/html/sdbl/vendor/laravel/framework/src/Illuminate/Log/LogManager.php(118): Illuminate\\Log\\LogManager->resolve()
#1 /var/www/html/sdbl/vendor/laravel/framework/src/Illuminate/Log/LogManager.php(98): Illuminate\\Log\\LogManager->get()
#2 /var/www/html/sdbl/vendor/laravel/framework/src/Illuminate/Log/LogManager.php(547): Illuminate\\Log\\LogManager->driver()
#3 /var/www/html/sdbl/vendor/laravel/framework/src/Illuminate/Foundation/Exceptions/Handler.php(238): Illuminate\\Log\\LogManager->error()
#4 /var/www/html/sdbl/vendor/laravel/framework/src/Illuminate/Foundation/Http/Kernel.php(404): Illuminate\\Foundation\\Exceptions\\Handler->report()
#5 /var/www/html/sdbl/vendor/laravel/framework/src/Illuminate/Foundation/Http/Kernel.php(112): Illuminate\\Foundation\\Http\\Kernel->reportException()
#6 /var/www/html/sdbl/public/index.php(52): Illuminate\\Foundation\\Http\\Kernel->handle()
#7 /var/www/html/sdbl/index.php(21): require_once('/var/www/html/s...')
#8 {main}
"} 
[2021-03-01 17:00:59] laravel.ERROR: Class 'Maatwebsite\Excel\Excel' not found {"exception":"[object] (Error(code: 0): Class 'Maatwebsite\\Excel\\Excel' not found at /var/www/html/sdbl/config/excel.php:163)
[stacktrace]
#0 /var/www/html/sdbl/vendor/laravel/framework/src/Illuminate/Foundation/Bootstrap/LoadConfiguration.php(72): require()
#1 /var/www/html/sdbl/vendor/laravel/framework/src/Illuminate/Foundation/Bootstrap/LoadConfiguration.php(39): Illuminate\\Foundation\\Bootstrap\\LoadConfiguration->loadConfigurationFiles()
#2 /var/www/html/sdbl/vendor/laravel/framework/src/Illuminate/Foundation/Application.php(230): Illuminate\\Foundation\\Bootstrap\\LoadConfiguration->bootstrap()
#3 /var/www/html/sdbl/vendor/laravel/framework/src/Illuminate/Foundation/Http/Kernel.php(152): Illuminate\\Foundation\\Application->bootstrapWith()
#4 /var/www/html/sdbl/vendor/laravel/framework/src/Illuminate/Foundation/Http/Kernel.php(136): Illuminate\\Foundation\\Http\\Kernel->bootstrap()
#5 /var/www/html/sdbl/vendor/laravel/framework/src/Illuminate/Foundation/Http/Kernel.php(110): Illuminate\\Foundation\\Http\\Kernel->sendRequestThroughRouter()
#6 /var/www/html/sdbl/public/index.php(52): Illuminate\\Foundation\\Http\\Kernel->handle()
#7 /var/www/html/sdbl/index.php(21): require_once('/var/www/html/s...')
#8 {main}
"} 
[2021-03-01 17:01:00] laravel.EMERGENCY: Unable to create configured logger. Using emergency logger. {"exception":"[object] (InvalidArgumentException(code: 0): Log [] is not defined. at /var/www/html/sdbl/vendor/laravel/framework/src/Illuminate/Log/LogManager.php:192)
[stacktrace]
#0 /var/www/html/sdbl/vendor/laravel/framework/src/Illuminate/Log/LogManager.php(118): Illuminate\\Log\\LogManager->resolve()
#1 /var/www/html/sdbl/vendor/laravel/framework/src/Illuminate/Log/LogManager.php(98): Illuminate\\Log\\LogManager->get()
#2 /var/www/html/sdbl/vendor/laravel/framework/src/Illuminate/Log/LogManager.php(547): Illuminate\\Log\\LogManager->driver()
#3 /var/www/html/sdbl/vendor/laravel/framework/src/Illuminate/Foundation/Exceptions/Handler.php(238): Illuminate\\Log\\LogManager->error()
#4 /var/www/html/sdbl/vendor/laravel/framework/src/Illuminate/Foundation/Http/Kernel.php(404): Illuminate\\Foundation\\Exceptions\\Handler->report()
#5 /var/www/html/sdbl/vendor/laravel/framework/src/Illuminate/Foundation/Http/Kernel.php(112): Illuminate\\Foundation\\Http\\Kernel->reportException()
#6 /var/www/html/sdbl/public/index.php(52): Illuminate\\Foundation\\Http\\Kernel->handle()
#7 /var/www/html/sdbl/index.php(21): require_once('/var/www/html/s...')
#8 {main}
"} 
[2021-03-01 17:01:00] laravel.ERROR: Class 'Maatwebsite\Excel\Excel' not found {"exception":"[object] (Error(code: 0): Class 'Maatwebsite\\Excel\\Excel' not found at /var/www/html/sdbl/config/excel.php:163)
[stacktrace]
#0 /var/www/html/sdbl/vendor/laravel/framework/src/Illuminate/Foundation/Bootstrap/LoadConfiguration.php(72): require()
#1 /var/www/html/sdbl/vendor/laravel/framework/src/Illuminate/Foundation/Bootstrap/LoadConfiguration.php(39): Illuminate\\Foundation\\Bootstrap\\LoadConfiguration->loadConfigurationFiles()
#2 /var/www/html/sdbl/vendor/laravel/framework/src/Illuminate/Foundation/Application.php(230): Illuminate\\Foundation\\Bootstrap\\LoadConfiguration->bootstrap()
#3 /var/www/html/sdbl/vendor/laravel/framework/src/Illuminate/Foundation/Http/Kernel.php(152): Illuminate\\Foundation\\Application->bootstrapWith()
#4 /var/www/html/sdbl/vendor/laravel/framework/src/Illuminate/Foundation/Http/Kernel.php(136): Illuminate\\Foundation\\Http\\Kernel->bootstrap()
#5 /var/www/html/sdbl/vendor/laravel/framework/src/Illuminate/Foundation/Http/Kernel.php(110): Illuminate\\Foundation\\Http\\Kernel->sendRequestThroughRouter()
#6 /var/www/html/sdbl/public/index.php(52): Illuminate\\Foundation\\Http\\Kernel->handle()
#7 /var/www/html/sdbl/index.php(21): require_once('/var/www/html/s...')
#8 {main}
"} 
[2021-03-01 17:04:37] laravel.EMERGENCY: Unable to create configured logger. Using emergency logger. {"exception":"[object] (InvalidArgumentException(code: 0): Log [] is not defined. at /var/www/html/sdbl/vendor/laravel/framework/src/Illuminate/Log/LogManager.php:192)
[stacktrace]
#0 /var/www/html/sdbl/vendor/laravel/framework/src/Illuminate/Log/LogManager.php(118): Illuminate\\Log\\LogManager->resolve()
#1 /var/www/html/sdbl/vendor/laravel/framework/src/Illuminate/Log/LogManager.php(98): Illuminate\\Log\\LogManager->get()
#2 /var/www/html/sdbl/vendor/laravel/framework/src/Illuminate/Log/LogManager.php(547): Illuminate\\Log\\LogManager->driver()
#3 /var/www/html/sdbl/vendor/laravel/framework/src/Illuminate/Foundation/Exceptions/Handler.php(238): Illuminate\\Log\\LogManager->error()
#4 /var/www/html/sdbl/vendor/laravel/framework/src/Illuminate/Foundation/Http/Kernel.php(404): Illuminate\\Foundation\\Exceptions\\Handler->report()
#5 /var/www/html/sdbl/vendor/laravel/framework/src/Illuminate/Foundation/Http/Kernel.php(112): Illuminate\\Foundation\\Http\\Kernel->reportException()
#6 /var/www/html/sdbl/public/index.php(52): Illuminate\\Foundation\\Http\\Kernel->handle()
#7 /var/www/html/sdbl/index.php(21): require_once('/var/www/html/s...')
#8 {main}
"} 
[2021-03-01 17:04:37] laravel.ERROR: Class 'Maatwebsite\Excel\Excel' not found {"exception":"[object] (Error(code: 0): Class 'Maatwebsite\\Excel\\Excel' not found at /var/www/html/sdbl/config/excel.php:163)
[stacktrace]
#0 /var/www/html/sdbl/vendor/laravel/framework/src/Illuminate/Foundation/Bootstrap/LoadConfiguration.php(72): require()
#1 /var/www/html/sdbl/vendor/laravel/framework/src/Illuminate/Foundation/Bootstrap/LoadConfiguration.php(39): Illuminate\\Foundation\\Bootstrap\\LoadConfiguration->loadConfigurationFiles()
#2 /var/www/html/sdbl/vendor/laravel/framework/src/Illuminate/Foundation/Application.php(230): Illuminate\\Foundation\\Bootstrap\\LoadConfiguration->bootstrap()
#3 /var/www/html/sdbl/vendor/laravel/framework/src/Illuminate/Foundation/Http/Kernel.php(152): Illuminate\\Foundation\\Application->bootstrapWith()
#4 /var/www/html/sdbl/vendor/laravel/framework/src/Illuminate/Foundation/Http/Kernel.php(136): Illuminate\\Foundation\\Http\\Kernel->bootstrap()
#5 /var/www/html/sdbl/vendor/laravel/framework/src/Illuminate/Foundation/Http/Kernel.php(110): Illuminate\\Foundation\\Http\\Kernel->sendRequestThroughRouter()
#6 /var/www/html/sdbl/public/index.php(52): Illuminate\\Foundation\\Http\\Kernel->handle()
#7 /var/www/html/sdbl/index.php(21): require_once('/var/www/html/s...')
#8 {main}
"} 
[2021-03-01 17:04:41] laravel.EMERGENCY: Unable to create configured logger. Using emergency logger. {"exception":"[object] (InvalidArgumentException(code: 0): Log [] is not defined. at /var/www/html/sdbl/vendor/laravel/framework/src/Illuminate/Log/LogManager.php:192)
[stacktrace]
#0 /var/www/html/sdbl/vendor/laravel/framework/src/Illuminate/Log/LogManager.php(118): Illuminate\\Log\\LogManager->resolve()
#1 /var/www/html/sdbl/vendor/laravel/framework/src/Illuminate/Log/LogManager.php(98): Illuminate\\Log\\LogManager->get()
#2 /var/www/html/sdbl/vendor/laravel/framework/src/Illuminate/Log/LogManager.php(547): Illuminate\\Log\\LogManager->driver()
#3 /var/www/html/sdbl/vendor/laravel/framework/src/Illuminate/Foundation/Exceptions/Handler.php(238): Illuminate\\Log\\LogManager->error()
#4 /var/www/html/sdbl/vendor/laravel/framework/src/Illuminate/Foundation/Http/Kernel.php(404): Illuminate\\Foundation\\Exceptions\\Handler->report()
#5 /var/www/html/sdbl/vendor/laravel/framework/src/Illuminate/Foundation/Http/Kernel.php(112): Illuminate\\Foundation\\Http\\Kernel->reportException()
#6 /var/www/html/sdbl/public/index.php(52): Illuminate\\Foundation\\Http\\Kernel->handle()
#7 /var/www/html/sdbl/index.php(21): require_once('/var/www/html/s...')
#8 {main}
"} 
[2021-03-01 17:04:41] laravel.ERROR: Class 'Maatwebsite\Excel\Excel' not found {"exception":"[object] (Error(code: 0): Class 'Maatwebsite\\Excel\\Excel' not found at /var/www/html/sdbl/config/excel.php:163)
[stacktrace]
#0 /var/www/html/sdbl/vendor/laravel/framework/src/Illuminate/Foundation/Bootstrap/LoadConfiguration.php(72): require()
#1 /var/www/html/sdbl/vendor/laravel/framework/src/Illuminate/Foundation/Bootstrap/LoadConfiguration.php(39): Illuminate\\Foundation\\Bootstrap\\LoadConfiguration->loadConfigurationFiles()
#2 /var/www/html/sdbl/vendor/laravel/framework/src/Illuminate/Foundation/Application.php(230): Illuminate\\Foundation\\Bootstrap\\LoadConfiguration->bootstrap()
#3 /var/www/html/sdbl/vendor/laravel/framework/src/Illuminate/Foundation/Http/Kernel.php(152): Illuminate\\Foundation\\Application->bootstrapWith()
#4 /var/www/html/sdbl/vendor/laravel/framework/src/Illuminate/Foundation/Http/Kernel.php(136): Illuminate\\Foundation\\Http\\Kernel->bootstrap()
#5 /var/www/html/sdbl/vendor/laravel/framework/src/Illuminate/Foundation/Http/Kernel.php(110): Illuminate\\Foundation\\Http\\Kernel->sendRequestThroughRouter()
#6 /var/www/html/sdbl/public/index.php(52): Illuminate\\Foundation\\Http\\Kernel->handle()
#7 /var/www/html/sdbl/index.php(21): require_once('/var/www/html/s...')
#8 {main}
"} 
[2021-03-01 17:04:52] laravel.EMERGENCY: Unable to create configured logger. Using emergency logger. {"exception":"[object] (InvalidArgumentException(code: 0): Log [] is not defined. at /var/www/html/sdbl/vendor/laravel/framework/src/Illuminate/Log/LogManager.php:192)
[stacktrace]
#0 /var/www/html/sdbl/vendor/laravel/framework/src/Illuminate/Log/LogManager.php(118): Illuminate\\Log\\LogManager->resolve()
#1 /var/www/html/sdbl/vendor/laravel/framework/src/Illuminate/Log/LogManager.php(98): Illuminate\\Log\\LogManager->get()
#2 /var/www/html/sdbl/vendor/laravel/framework/src/Illuminate/Log/LogManager.php(547): Illuminate\\Log\\LogManager->driver()
#3 /var/www/html/sdbl/vendor/laravel/framework/src/Illuminate/Foundation/Exceptions/Handler.php(238): Illuminate\\Log\\LogManager->error()
#4 /var/www/html/sdbl/vendor/laravel/framework/src/Illuminate/Foundation/Http/Kernel.php(404): Illuminate\\Foundation\\Exceptions\\Handler->report()
#5 /var/www/html/sdbl/vendor/laravel/framework/src/Illuminate/Foundation/Http/Kernel.php(112): Illuminate\\Foundation\\Http\\Kernel->reportException()
#6 /var/www/html/sdbl/public/index.php(52): Illuminate\\Foundation\\Http\\Kernel->handle()
#7 /var/www/html/sdbl/index.php(21): require_once('/var/www/html/s...')
#8 {main}
"} 
[2021-03-01 17:04:52] laravel.ERROR: Class 'Maatwebsite\Excel\Excel' not found {"exception":"[object] (Error(code: 0): Class 'Maatwebsite\\Excel\\Excel' not found at /var/www/html/sdbl/config/excel.php:163)
[stacktrace]
#0 /var/www/html/sdbl/vendor/laravel/framework/src/Illuminate/Foundation/Bootstrap/LoadConfiguration.php(72): require()
#1 /var/www/html/sdbl/vendor/laravel/framework/src/Illuminate/Foundation/Bootstrap/LoadConfiguration.php(39): Illuminate\\Foundation\\Bootstrap\\LoadConfiguration->loadConfigurationFiles()
#2 /var/www/html/sdbl/vendor/laravel/framework/src/Illuminate/Foundation/Application.php(230): Illuminate\\Foundation\\Bootstrap\\LoadConfiguration->bootstrap()
#3 /var/www/html/sdbl/vendor/laravel/framework/src/Illuminate/Foundation/Http/Kernel.php(152): Illuminate\\Foundation\\Application->bootstrapWith()
#4 /var/www/html/sdbl/vendor/laravel/framework/src/Illuminate/Foundation/Http/Kernel.php(136): Illuminate\\Foundation\\Http\\Kernel->bootstrap()
#5 /var/www/html/sdbl/vendor/laravel/framework/src/Illuminate/Foundation/Http/Kernel.php(110): Illuminate\\Foundation\\Http\\Kernel->sendRequestThroughRouter()
#6 /var/www/html/sdbl/public/index.php(52): Illuminate\\Foundation\\Http\\Kernel->handle()
#7 /var/www/html/sdbl/index.php(21): require_once('/var/www/html/s...')
#8 {main}
"} 
[2021-03-01 17:04:53] laravel.EMERGENCY: Unable to create configured logger. Using emergency logger. {"exception":"[object] (InvalidArgumentException(code: 0): Log [] is not defined. at /var/www/html/sdbl/vendor/laravel/framework/src/Illuminate/Log/LogManager.php:192)
[stacktrace]
#0 /var/www/html/sdbl/vendor/laravel/framework/src/Illuminate/Log/LogManager.php(118): Illuminate\\Log\\LogManager->resolve()
#1 /var/www/html/sdbl/vendor/laravel/framework/src/Illuminate/Log/LogManager.php(98): Illuminate\\Log\\LogManager->get()
#2 /var/www/html/sdbl/vendor/laravel/framework/src/Illuminate/Log/LogManager.php(547): Illuminate\\Log\\LogManager->driver()
#3 /var/www/html/sdbl/vendor/laravel/framework/src/Illuminate/Foundation/Exceptions/Handler.php(238): Illuminate\\Log\\LogManager->error()
#4 /var/www/html/sdbl/vendor/laravel/framework/src/Illuminate/Foundation/Http/Kernel.php(404): Illuminate\\Foundation\\Exceptions\\Handler->report()
#5 /var/www/html/sdbl/vendor/laravel/framework/src/Illuminate/Foundation/Http/Kernel.php(112): Illuminate\\Foundation\\Http\\Kernel->reportException()
#6 /var/www/html/sdbl/public/index.php(52): Illuminate\\Foundation\\Http\\Kernel->handle()
#7 /var/www/html/sdbl/index.php(21): require_once('/var/www/html/s...')
#8 {main}
"} 
[2021-03-01 17:04:53] laravel.ERROR: Class 'Maatwebsite\Excel\Excel' not found {"exception":"[object] (Error(code: 0): Class 'Maatwebsite\\Excel\\Excel' not found at /var/www/html/sdbl/config/excel.php:163)
[stacktrace]
#0 /var/www/html/sdbl/vendor/laravel/framework/src/Illuminate/Foundation/Bootstrap/LoadConfiguration.php(72): require()
#1 /var/www/html/sdbl/vendor/laravel/framework/src/Illuminate/Foundation/Bootstrap/LoadConfiguration.php(39): Illuminate\\Foundation\\Bootstrap\\LoadConfiguration->loadConfigurationFiles()
#2 /var/www/html/sdbl/vendor/laravel/framework/src/Illuminate/Foundation/Application.php(230): Illuminate\\Foundation\\Bootstrap\\LoadConfiguration->bootstrap()
#3 /var/www/html/sdbl/vendor/laravel/framework/src/Illuminate/Foundation/Http/Kernel.php(152): Illuminate\\Foundation\\Application->bootstrapWith()
#4 /var/www/html/sdbl/vendor/laravel/framework/src/Illuminate/Foundation/Http/Kernel.php(136): Illuminate\\Foundation\\Http\\Kernel->bootstrap()
#5 /var/www/html/sdbl/vendor/laravel/framework/src/Illuminate/Foundation/Http/Kernel.php(110): Illuminate\\Foundation\\Http\\Kernel->sendRequestThroughRouter()
#6 /var/www/html/sdbl/public/index.php(52): Illuminate\\Foundation\\Http\\Kernel->handle()
#7 /var/www/html/sdbl/index.php(21): require_once('/var/www/html/s...')
#8 {main}
"} 
[2021-03-01 17:04:53] laravel.EMERGENCY: Unable to create configured logger. Using emergency logger. {"exception":"[object] (InvalidArgumentException(code: 0): Log [] is not defined. at /var/www/html/sdbl/vendor/laravel/framework/src/Illuminate/Log/LogManager.php:192)
[stacktrace]
#0 /var/www/html/sdbl/vendor/laravel/framework/src/Illuminate/Log/LogManager.php(118): Illuminate\\Log\\LogManager->resolve()
#1 /var/www/html/sdbl/vendor/laravel/framework/src/Illuminate/Log/LogManager.php(98): Illuminate\\Log\\LogManager->get()
#2 /var/www/html/sdbl/vendor/laravel/framework/src/Illuminate/Log/LogManager.php(547): Illuminate\\Log\\LogManager->driver()
#3 /var/www/html/sdbl/vendor/laravel/framework/src/Illuminate/Foundation/Exceptions/Handler.php(238): Illuminate\\Log\\LogManager->error()
#4 /var/www/html/sdbl/vendor/laravel/framework/src/Illuminate/Foundation/Http/Kernel.php(404): Illuminate\\Foundation\\Exceptions\\Handler->report()
#5 /var/www/html/sdbl/vendor/laravel/framework/src/Illuminate/Foundation/Http/Kernel.php(112): Illuminate\\Foundation\\Http\\Kernel->reportException()
#6 /var/www/html/sdbl/public/index.php(52): Illuminate\\Foundation\\Http\\Kernel->handle()
#7 /var/www/html/sdbl/index.php(21): require_once('/var/www/html/s...')
#8 {main}
"} 
[2021-03-01 17:04:53] laravel.ERROR: Class 'Maatwebsite\Excel\Excel' not found {"exception":"[object] (Error(code: 0): Class 'Maatwebsite\\Excel\\Excel' not found at /var/www/html/sdbl/config/excel.php:163)
[stacktrace]
#0 /var/www/html/sdbl/vendor/laravel/framework/src/Illuminate/Foundation/Bootstrap/LoadConfiguration.php(72): require()
#1 /var/www/html/sdbl/vendor/laravel/framework/src/Illuminate/Foundation/Bootstrap/LoadConfiguration.php(39): Illuminate\\Foundation\\Bootstrap\\LoadConfiguration->loadConfigurationFiles()
#2 /var/www/html/sdbl/vendor/laravel/framework/src/Illuminate/Foundation/Application.php(230): Illuminate\\Foundation\\Bootstrap\\LoadConfiguration->bootstrap()
#3 /var/www/html/sdbl/vendor/laravel/framework/src/Illuminate/Foundation/Http/Kernel.php(152): Illuminate\\Foundation\\Application->bootstrapWith()
#4 /var/www/html/sdbl/vendor/laravel/framework/src/Illuminate/Foundation/Http/Kernel.php(136): Illuminate\\Foundation\\Http\\Kernel->bootstrap()
#5 /var/www/html/sdbl/vendor/laravel/framework/src/Illuminate/Foundation/Http/Kernel.php(110): Illuminate\\Foundation\\Http\\Kernel->sendRequestThroughRouter()
#6 /var/www/html/sdbl/public/index.php(52): Illuminate\\Foundation\\Http\\Kernel->handle()
#7 /var/www/html/sdbl/index.php(21): require_once('/var/www/html/s...')
#8 {main}
"} 
[2021-03-01 17:04:53] laravel.EMERGENCY: Unable to create configured logger. Using emergency logger. {"exception":"[object] (InvalidArgumentException(code: 0): Log [] is not defined. at /var/www/html/sdbl/vendor/laravel/framework/src/Illuminate/Log/LogManager.php:192)
[stacktrace]
#0 /var/www/html/sdbl/vendor/laravel/framework/src/Illuminate/Log/LogManager.php(118): Illuminate\\Log\\LogManager->resolve()
#1 /var/www/html/sdbl/vendor/laravel/framework/src/Illuminate/Log/LogManager.php(98): Illuminate\\Log\\LogManager->get()
#2 /var/www/html/sdbl/vendor/laravel/framework/src/Illuminate/Log/LogManager.php(547): Illuminate\\Log\\LogManager->driver()
#3 /var/www/html/sdbl/vendor/laravel/framework/src/Illuminate/Foundation/Exceptions/Handler.php(238): Illuminate\\Log\\LogManager->error()
#4 /var/www/html/sdbl/vendor/laravel/framework/src/Illuminate/Foundation/Http/Kernel.php(404): Illuminate\\Foundation\\Exceptions\\Handler->report()
#5 /var/www/html/sdbl/vendor/laravel/framework/src/Illuminate/Foundation/Http/Kernel.php(112): Illuminate\\Foundation\\Http\\Kernel->reportException()
#6 /var/www/html/sdbl/public/index.php(52): Illuminate\\Foundation\\Http\\Kernel->handle()
#7 /var/www/html/sdbl/index.php(21): require_once('/var/www/html/s...')
#8 {main}
"} 
[2021-03-01 17:04:53] laravel.ERROR: Class 'Maatwebsite\Excel\Excel' not found {"exception":"[object] (Error(code: 0): Class 'Maatwebsite\\Excel\\Excel' not found at /var/www/html/sdbl/config/excel.php:163)
[stacktrace]
#0 /var/www/html/sdbl/vendor/laravel/framework/src/Illuminate/Foundation/Bootstrap/LoadConfiguration.php(72): require()
#1 /var/www/html/sdbl/vendor/laravel/framework/src/Illuminate/Foundation/Bootstrap/LoadConfiguration.php(39): Illuminate\\Foundation\\Bootstrap\\LoadConfiguration->loadConfigurationFiles()
#2 /var/www/html/sdbl/vendor/laravel/framework/src/Illuminate/Foundation/Application.php(230): Illuminate\\Foundation\\Bootstrap\\LoadConfiguration->bootstrap()
#3 /var/www/html/sdbl/vendor/laravel/framework/src/Illuminate/Foundation/Http/Kernel.php(152): Illuminate\\Foundation\\Application->bootstrapWith()
#4 /var/www/html/sdbl/vendor/laravel/framework/src/Illuminate/Foundation/Http/Kernel.php(136): Illuminate\\Foundation\\Http\\Kernel->bootstrap()
#5 /var/www/html/sdbl/vendor/laravel/framework/src/Illuminate/Foundation/Http/Kernel.php(110): Illuminate\\Foundation\\Http\\Kernel->sendRequestThroughRouter()
#6 /var/www/html/sdbl/public/index.php(52): Illuminate\\Foundation\\Http\\Kernel->handle()
#7 /var/www/html/sdbl/index.php(21): require_once('/var/www/html/s...')
#8 {main}
"} 
[2021-03-01 17:04:54] laravel.EMERGENCY: Unable to create configured logger. Using emergency logger. {"exception":"[object] (InvalidArgumentException(code: 0): Log [] is not defined. at /var/www/html/sdbl/vendor/laravel/framework/src/Illuminate/Log/LogManager.php:192)
[stacktrace]
#0 /var/www/html/sdbl/vendor/laravel/framework/src/Illuminate/Log/LogManager.php(118): Illuminate\\Log\\LogManager->resolve()
#1 /var/www/html/sdbl/vendor/laravel/framework/src/Illuminate/Log/LogManager.php(98): Illuminate\\Log\\LogManager->get()
#2 /var/www/html/sdbl/vendor/laravel/framework/src/Illuminate/Log/LogManager.php(547): Illuminate\\Log\\LogManager->driver()
#3 /var/www/html/sdbl/vendor/laravel/framework/src/Illuminate/Foundation/Exceptions/Handler.php(238): Illuminate\\Log\\LogManager->error()
#4 /var/www/html/sdbl/vendor/laravel/framework/src/Illuminate/Foundation/Http/Kernel.php(404): Illuminate\\Foundation\\Exceptions\\Handler->report()
#5 /var/www/html/sdbl/vendor/laravel/framework/src/Illuminate/Foundation/Http/Kernel.php(112): Illuminate\\Foundation\\Http\\Kernel->reportException()
#6 /var/www/html/sdbl/public/index.php(52): Illuminate\\Foundation\\Http\\Kernel->handle()
#7 /var/www/html/sdbl/index.php(21): require_once('/var/www/html/s...')
#8 {main}
"} 
[2021-03-01 17:04:54] laravel.ERROR: Class 'Maatwebsite\Excel\Excel' not found {"exception":"[object] (Error(code: 0): Class 'Maatwebsite\\Excel\\Excel' not found at /var/www/html/sdbl/config/excel.php:163)
[stacktrace]
#0 /var/www/html/sdbl/vendor/laravel/framework/src/Illuminate/Foundation/Bootstrap/LoadConfiguration.php(72): require()
#1 /var/www/html/sdbl/vendor/laravel/framework/src/Illuminate/Foundation/Bootstrap/LoadConfiguration.php(39): Illuminate\\Foundation\\Bootstrap\\LoadConfiguration->loadConfigurationFiles()
#2 /var/www/html/sdbl/vendor/laravel/framework/src/Illuminate/Foundation/Application.php(230): Illuminate\\Foundation\\Bootstrap\\LoadConfiguration->bootstrap()
#3 /var/www/html/sdbl/vendor/laravel/framework/src/Illuminate/Foundation/Http/Kernel.php(152): Illuminate\\Foundation\\Application->bootstrapWith()
#4 /var/www/html/sdbl/vendor/laravel/framework/src/Illuminate/Foundation/Http/Kernel.php(136): Illuminate\\Foundation\\Http\\Kernel->bootstrap()
#5 /var/www/html/sdbl/vendor/laravel/framework/src/Illuminate/Foundation/Http/Kernel.php(110): Illuminate\\Foundation\\Http\\Kernel->sendRequestThroughRouter()
#6 /var/www/html/sdbl/public/index.php(52): Illuminate\\Foundation\\Http\\Kernel->handle()
#7 /var/www/html/sdbl/index.php(21): require_once('/var/www/html/s...')
#8 {main}
"} 
[2021-03-01 17:04:54] laravel.EMERGENCY: Unable to create configured logger. Using emergency logger. {"exception":"[object] (InvalidArgumentException(code: 0): Log [] is not defined. at /var/www/html/sdbl/vendor/laravel/framework/src/Illuminate/Log/LogManager.php:192)
[stacktrace]
#0 /var/www/html/sdbl/vendor/laravel/framework/src/Illuminate/Log/LogManager.php(118): Illuminate\\Log\\LogManager->resolve()
#1 /var/www/html/sdbl/vendor/laravel/framework/src/Illuminate/Log/LogManager.php(98): Illuminate\\Log\\LogManager->get()
#2 /var/www/html/sdbl/vendor/laravel/framework/src/Illuminate/Log/LogManager.php(547): Illuminate\\Log\\LogManager->driver()
#3 /var/www/html/sdbl/vendor/laravel/framework/src/Illuminate/Foundation/Exceptions/Handler.php(238): Illuminate\\Log\\LogManager->error()
#4 /var/www/html/sdbl/vendor/laravel/framework/src/Illuminate/Foundation/Http/Kernel.php(404): Illuminate\\Foundation\\Exceptions\\Handler->report()
#5 /var/www/html/sdbl/vendor/laravel/framework/src/Illuminate/Foundation/Http/Kernel.php(112): Illuminate\\Foundation\\Http\\Kernel->reportException()
#6 /var/www/html/sdbl/public/index.php(52): Illuminate\\Foundation\\Http\\Kernel->handle()
#7 /var/www/html/sdbl/index.php(21): require_once('/var/www/html/s...')
#8 {main}
"} 
[2021-03-01 17:04:54] laravel.ERROR: Class 'Maatwebsite\Excel\Excel' not found {"exception":"[object] (Error(code: 0): Class 'Maatwebsite\\Excel\\Excel' not found at /var/www/html/sdbl/config/excel.php:163)
[stacktrace]
#0 /var/www/html/sdbl/vendor/laravel/framework/src/Illuminate/Foundation/Bootstrap/LoadConfiguration.php(72): require()
#1 /var/www/html/sdbl/vendor/laravel/framework/src/Illuminate/Foundation/Bootstrap/LoadConfiguration.php(39): Illuminate\\Foundation\\Bootstrap\\LoadConfiguration->loadConfigurationFiles()
#2 /var/www/html/sdbl/vendor/laravel/framework/src/Illuminate/Foundation/Application.php(230): Illuminate\\Foundation\\Bootstrap\\LoadConfiguration->bootstrap()
#3 /var/www/html/sdbl/vendor/laravel/framework/src/Illuminate/Foundation/Http/Kernel.php(152): Illuminate\\Foundation\\Application->bootstrapWith()
#4 /var/www/html/sdbl/vendor/laravel/framework/src/Illuminate/Foundation/Http/Kernel.php(136): Illuminate\\Foundation\\Http\\Kernel->bootstrap()
#5 /var/www/html/sdbl/vendor/laravel/framework/src/Illuminate/Foundation/Http/Kernel.php(110): Illuminate\\Foundation\\Http\\Kernel->sendRequestThroughRouter()
#6 /var/www/html/sdbl/public/index.php(52): Illuminate\\Foundation\\Http\\Kernel->handle()
#7 /var/www/html/sdbl/index.php(21): require_once('/var/www/html/s...')
#8 {main}
"} 
[2021-03-01 17:04:55] laravel.EMERGENCY: Unable to create configured logger. Using emergency logger. {"exception":"[object] (InvalidArgumentException(code: 0): Log [] is not defined. at /var/www/html/sdbl/vendor/laravel/framework/src/Illuminate/Log/LogManager.php:192)
[stacktrace]
#0 /var/www/html/sdbl/vendor/laravel/framework/src/Illuminate/Log/LogManager.php(118): Illuminate\\Log\\LogManager->resolve()
#1 /var/www/html/sdbl/vendor/laravel/framework/src/Illuminate/Log/LogManager.php(98): Illuminate\\Log\\LogManager->get()
#2 /var/www/html/sdbl/vendor/laravel/framework/src/Illuminate/Log/LogManager.php(547): Illuminate\\Log\\LogManager->driver()
#3 /var/www/html/sdbl/vendor/laravel/framework/src/Illuminate/Foundation/Exceptions/Handler.php(238): Illuminate\\Log\\LogManager->error()
#4 /var/www/html/sdbl/vendor/laravel/framework/src/Illuminate/Foundation/Http/Kernel.php(404): Illuminate\\Foundation\\Exceptions\\Handler->report()
#5 /var/www/html/sdbl/vendor/laravel/framework/src/Illuminate/Foundation/Http/Kernel.php(112): Illuminate\\Foundation\\Http\\Kernel->reportException()
#6 /var/www/html/sdbl/public/index.php(52): Illuminate\\Foundation\\Http\\Kernel->handle()
#7 /var/www/html/sdbl/index.php(21): require_once('/var/www/html/s...')
#8 {main}
"} 
[2021-03-01 17:04:55] laravel.ERROR: Class 'Maatwebsite\Excel\Excel' not found {"exception":"[object] (Error(code: 0): Class 'Maatwebsite\\Excel\\Excel' not found at /var/www/html/sdbl/config/excel.php:163)
[stacktrace]
#0 /var/www/html/sdbl/vendor/laravel/framework/src/Illuminate/Foundation/Bootstrap/LoadConfiguration.php(72): require()
#1 /var/www/html/sdbl/vendor/laravel/framework/src/Illuminate/Foundation/Bootstrap/LoadConfiguration.php(39): Illuminate\\Foundation\\Bootstrap\\LoadConfiguration->loadConfigurationFiles()
#2 /var/www/html/sdbl/vendor/laravel/framework/src/Illuminate/Foundation/Application.php(230): Illuminate\\Foundation\\Bootstrap\\LoadConfiguration->bootstrap()
#3 /var/www/html/sdbl/vendor/laravel/framework/src/Illuminate/Foundation/Http/Kernel.php(152): Illuminate\\Foundation\\Application->bootstrapWith()
#4 /var/www/html/sdbl/vendor/laravel/framework/src/Illuminate/Foundation/Http/Kernel.php(136): Illuminate\\Foundation\\Http\\Kernel->bootstrap()
#5 /var/www/html/sdbl/vendor/laravel/framework/src/Illuminate/Foundation/Http/Kernel.php(110): Illuminate\\Foundation\\Http\\Kernel->sendRequestThroughRouter()
#6 /var/www/html/sdbl/public/index.php(52): Illuminate\\Foundation\\Http\\Kernel->handle()
#7 /var/www/html/sdbl/index.php(21): require_once('/var/www/html/s...')
#8 {main}
"} 
[2021-03-01 17:05:08] laravel.EMERGENCY: Unable to create configured logger. Using emergency logger. {"exception":"[object] (InvalidArgumentException(code: 0): Log [] is not defined. at /var/www/html/sdbl/vendor/laravel/framework/src/Illuminate/Log/LogManager.php:192)
[stacktrace]
#0 /var/www/html/sdbl/vendor/laravel/framework/src/Illuminate/Log/LogManager.php(118): Illuminate\\Log\\LogManager->resolve()
#1 /var/www/html/sdbl/vendor/laravel/framework/src/Illuminate/Log/LogManager.php(98): Illuminate\\Log\\LogManager->get()
#2 /var/www/html/sdbl/vendor/laravel/framework/src/Illuminate/Log/LogManager.php(547): Illuminate\\Log\\LogManager->driver()
#3 /var/www/html/sdbl/vendor/laravel/framework/src/Illuminate/Foundation/Exceptions/Handler.php(238): Illuminate\\Log\\LogManager->error()
#4 /var/www/html/sdbl/vendor/laravel/framework/src/Illuminate/Foundation/Http/Kernel.php(404): Illuminate\\Foundation\\Exceptions\\Handler->report()
#5 /var/www/html/sdbl/vendor/laravel/framework/src/Illuminate/Foundation/Http/Kernel.php(112): Illuminate\\Foundation\\Http\\Kernel->reportException()
#6 /var/www/html/sdbl/public/index.php(52): Illuminate\\Foundation\\Http\\Kernel->handle()
#7 /var/www/html/sdbl/index.php(21): require_once('/var/www/html/s...')
#8 {main}
"} 
[2021-03-01 17:05:08] laravel.ERROR: Class 'Maatwebsite\Excel\Excel' not found {"exception":"[object] (Error(code: 0): Class 'Maatwebsite\\Excel\\Excel' not found at /var/www/html/sdbl/config/excel.php:163)
[stacktrace]
#0 /var/www/html/sdbl/vendor/laravel/framework/src/Illuminate/Foundation/Bootstrap/LoadConfiguration.php(72): require()
#1 /var/www/html/sdbl/vendor/laravel/framework/src/Illuminate/Foundation/Bootstrap/LoadConfiguration.php(39): Illuminate\\Foundation\\Bootstrap\\LoadConfiguration->loadConfigurationFiles()
#2 /var/www/html/sdbl/vendor/laravel/framework/src/Illuminate/Foundation/Application.php(230): Illuminate\\Foundation\\Bootstrap\\LoadConfiguration->bootstrap()
#3 /var/www/html/sdbl/vendor/laravel/framework/src/Illuminate/Foundation/Http/Kernel.php(152): Illuminate\\Foundation\\Application->bootstrapWith()
#4 /var/www/html/sdbl/vendor/laravel/framework/src/Illuminate/Foundation/Http/Kernel.php(136): Illuminate\\Foundation\\Http\\Kernel->bootstrap()
#5 /var/www/html/sdbl/vendor/laravel/framework/src/Illuminate/Foundation/Http/Kernel.php(110): Illuminate\\Foundation\\Http\\Kernel->sendRequestThroughRouter()
#6 /var/www/html/sdbl/public/index.php(52): Illuminate\\Foundation\\Http\\Kernel->handle()
#7 /var/www/html/sdbl/index.php(21): require_once('/var/www/html/s...')
#8 {main}
"} 
[2021-03-01 17:05:14] laravel.EMERGENCY: Unable to create configured logger. Using emergency logger. {"exception":"[object] (InvalidArgumentException(code: 0): Log [] is not defined. at /var/www/html/sdbl/vendor/laravel/framework/src/Illuminate/Log/LogManager.php:192)
[stacktrace]
#0 /var/www/html/sdbl/vendor/laravel/framework/src/Illuminate/Log/LogManager.php(118): Illuminate\\Log\\LogManager->resolve()
#1 /var/www/html/sdbl/vendor/laravel/framework/src/Illuminate/Log/LogManager.php(98): Illuminate\\Log\\LogManager->get()
#2 /var/www/html/sdbl/vendor/laravel/framework/src/Illuminate/Log/LogManager.php(547): Illuminate\\Log\\LogManager->driver()
#3 /var/www/html/sdbl/vendor/laravel/framework/src/Illuminate/Foundation/Exceptions/Handler.php(238): Illuminate\\Log\\LogManager->error()
#4 /var/www/html/sdbl/vendor/laravel/framework/src/Illuminate/Foundation/Http/Kernel.php(404): Illuminate\\Foundation\\Exceptions\\Handler->report()
#5 /var/www/html/sdbl/vendor/laravel/framework/src/Illuminate/Foundation/Http/Kernel.php(112): Illuminate\\Foundation\\Http\\Kernel->reportException()
#6 /var/www/html/sdbl/public/index.php(52): Illuminate\\Foundation\\Http\\Kernel->handle()
#7 /var/www/html/sdbl/index.php(21): require_once('/var/www/html/s...')
#8 {main}
"} 
[2021-03-01 17:05:14] laravel.ERROR: Class 'Maatwebsite\Excel\Excel' not found {"exception":"[object] (Error(code: 0): Class 'Maatwebsite\\Excel\\Excel' not found at /var/www/html/sdbl/config/excel.php:163)
[stacktrace]
#0 /var/www/html/sdbl/vendor/laravel/framework/src/Illuminate/Foundation/Bootstrap/LoadConfiguration.php(72): require()
#1 /var/www/html/sdbl/vendor/laravel/framework/src/Illuminate/Foundation/Bootstrap/LoadConfiguration.php(39): Illuminate\\Foundation\\Bootstrap\\LoadConfiguration->loadConfigurationFiles()
#2 /var/www/html/sdbl/vendor/laravel/framework/src/Illuminate/Foundation/Application.php(230): Illuminate\\Foundation\\Bootstrap\\LoadConfiguration->bootstrap()
#3 /var/www/html/sdbl/vendor/laravel/framework/src/Illuminate/Foundation/Http/Kernel.php(152): Illuminate\\Foundation\\Application->bootstrapWith()
#4 /var/www/html/sdbl/vendor/laravel/framework/src/Illuminate/Foundation/Http/Kernel.php(136): Illuminate\\Foundation\\Http\\Kernel->bootstrap()
#5 /var/www/html/sdbl/vendor/laravel/framework/src/Illuminate/Foundation/Http/Kernel.php(110): Illuminate\\Foundation\\Http\\Kernel->sendRequestThroughRouter()
#6 /var/www/html/sdbl/public/index.php(52): Illuminate\\Foundation\\Http\\Kernel->handle()
#7 /var/www/html/sdbl/index.php(21): require_once('/var/www/html/s...')
#8 {main}
"} 
[2021-03-01 17:05:16] laravel.EMERGENCY: Unable to create configured logger. Using emergency logger. {"exception":"[object] (InvalidArgumentException(code: 0): Log [] is not defined. at /var/www/html/sdbl/vendor/laravel/framework/src/Illuminate/Log/LogManager.php:192)
[stacktrace]
#0 /var/www/html/sdbl/vendor/laravel/framework/src/Illuminate/Log/LogManager.php(118): Illuminate\\Log\\LogManager->resolve()
#1 /var/www/html/sdbl/vendor/laravel/framework/src/Illuminate/Log/LogManager.php(98): Illuminate\\Log\\LogManager->get()
#2 /var/www/html/sdbl/vendor/laravel/framework/src/Illuminate/Log/LogManager.php(547): Illuminate\\Log\\LogManager->driver()
#3 /var/www/html/sdbl/vendor/laravel/framework/src/Illuminate/Foundation/Exceptions/Handler.php(238): Illuminate\\Log\\LogManager->error()
#4 /var/www/html/sdbl/vendor/laravel/framework/src/Illuminate/Foundation/Http/Kernel.php(404): Illuminate\\Foundation\\Exceptions\\Handler->report()
#5 /var/www/html/sdbl/vendor/laravel/framework/src/Illuminate/Foundation/Http/Kernel.php(112): Illuminate\\Foundation\\Http\\Kernel->reportException()
#6 /var/www/html/sdbl/public/index.php(52): Illuminate\\Foundation\\Http\\Kernel->handle()
#7 /var/www/html/sdbl/index.php(21): require_once('/var/www/html/s...')
#8 {main}
"} 
[2021-03-01 17:05:16] laravel.ERROR: Class 'Maatwebsite\Excel\Excel' not found {"exception":"[object] (Error(code: 0): Class 'Maatwebsite\\Excel\\Excel' not found at /var/www/html/sdbl/config/excel.php:163)
[stacktrace]
#0 /var/www/html/sdbl/vendor/laravel/framework/src/Illuminate/Foundation/Bootstrap/LoadConfiguration.php(72): require()
#1 /var/www/html/sdbl/vendor/laravel/framework/src/Illuminate/Foundation/Bootstrap/LoadConfiguration.php(39): Illuminate\\Foundation\\Bootstrap\\LoadConfiguration->loadConfigurationFiles()
#2 /var/www/html/sdbl/vendor/laravel/framework/src/Illuminate/Foundation/Application.php(230): Illuminate\\Foundation\\Bootstrap\\LoadConfiguration->bootstrap()
#3 /var/www/html/sdbl/vendor/laravel/framework/src/Illuminate/Foundation/Http/Kernel.php(152): Illuminate\\Foundation\\Application->bootstrapWith()
#4 /var/www/html/sdbl/vendor/laravel/framework/src/Illuminate/Foundation/Http/Kernel.php(136): Illuminate\\Foundation\\Http\\Kernel->bootstrap()
#5 /var/www/html/sdbl/vendor/laravel/framework/src/Illuminate/Foundation/Http/Kernel.php(110): Illuminate\\Foundation\\Http\\Kernel->sendRequestThroughRouter()
#6 /var/www/html/sdbl/public/index.php(52): Illuminate\\Foundation\\Http\\Kernel->handle()
#7 /var/www/html/sdbl/index.php(21): require_once('/var/www/html/s...')
#8 {main}
"} 
[2021-03-01 17:05:19] laravel.EMERGENCY: Unable to create configured logger. Using emergency logger. {"exception":"[object] (InvalidArgumentException(code: 0): Log [] is not defined. at /var/www/html/sdbl/vendor/laravel/framework/src/Illuminate/Log/LogManager.php:192)
[stacktrace]
#0 /var/www/html/sdbl/vendor/laravel/framework/src/Illuminate/Log/LogManager.php(118): Illuminate\\Log\\LogManager->resolve()
#1 /var/www/html/sdbl/vendor/laravel/framework/src/Illuminate/Log/LogManager.php(98): Illuminate\\Log\\LogManager->get()
#2 /var/www/html/sdbl/vendor/laravel/framework/src/Illuminate/Log/LogManager.php(547): Illuminate\\Log\\LogManager->driver()
#3 /var/www/html/sdbl/vendor/laravel/framework/src/Illuminate/Foundation/Exceptions/Handler.php(238): Illuminate\\Log\\LogManager->error()
#4 /var/www/html/sdbl/vendor/laravel/framework/src/Illuminate/Foundation/Http/Kernel.php(404): Illuminate\\Foundation\\Exceptions\\Handler->report()
#5 /var/www/html/sdbl/vendor/laravel/framework/src/Illuminate/Foundation/Http/Kernel.php(112): Illuminate\\Foundation\\Http\\Kernel->reportException()
#6 /var/www/html/sdbl/public/index.php(52): Illuminate\\Foundation\\Http\\Kernel->handle()
#7 /var/www/html/sdbl/index.php(21): require_once('/var/www/html/s...')
#8 {main}
"} 
[2021-03-01 17:05:19] laravel.ERROR: Class 'Maatwebsite\Excel\Excel' not found {"exception":"[object] (Error(code: 0): Class 'Maatwebsite\\Excel\\Excel' not found at /var/www/html/sdbl/config/excel.php:163)
[stacktrace]
#0 /var/www/html/sdbl/vendor/laravel/framework/src/Illuminate/Foundation/Bootstrap/LoadConfiguration.php(72): require()
#1 /var/www/html/sdbl/vendor/laravel/framework/src/Illuminate/Foundation/Bootstrap/LoadConfiguration.php(39): Illuminate\\Foundation\\Bootstrap\\LoadConfiguration->loadConfigurationFiles()
#2 /var/www/html/sdbl/vendor/laravel/framework/src/Illuminate/Foundation/Application.php(230): Illuminate\\Foundation\\Bootstrap\\LoadConfiguration->bootstrap()
#3 /var/www/html/sdbl/vendor/laravel/framework/src/Illuminate/Foundation/Http/Kernel.php(152): Illuminate\\Foundation\\Application->bootstrapWith()
#4 /var/www/html/sdbl/vendor/laravel/framework/src/Illuminate/Foundation/Http/Kernel.php(136): Illuminate\\Foundation\\Http\\Kernel->bootstrap()
#5 /var/www/html/sdbl/vendor/laravel/framework/src/Illuminate/Foundation/Http/Kernel.php(110): Illuminate\\Foundation\\Http\\Kernel->sendRequestThroughRouter()
#6 /var/www/html/sdbl/public/index.php(52): Illuminate\\Foundation\\Http\\Kernel->handle()
#7 /var/www/html/sdbl/index.php(21): require_once('/var/www/html/s...')
#8 {main}
"} 
[2021-03-01 17:05:22] laravel.EMERGENCY: Unable to create configured logger. Using emergency logger. {"exception":"[object] (InvalidArgumentException(code: 0): Log [] is not defined. at /var/www/html/sdbl/vendor/laravel/framework/src/Illuminate/Log/LogManager.php:192)
[stacktrace]
#0 /var/www/html/sdbl/vendor/laravel/framework/src/Illuminate/Log/LogManager.php(118): Illuminate\\Log\\LogManager->resolve()
#1 /var/www/html/sdbl/vendor/laravel/framework/src/Illuminate/Log/LogManager.php(98): Illuminate\\Log\\LogManager->get()
#2 /var/www/html/sdbl/vendor/laravel/framework/src/Illuminate/Log/LogManager.php(547): Illuminate\\Log\\LogManager->driver()
#3 /var/www/html/sdbl/vendor/laravel/framework/src/Illuminate/Foundation/Exceptions/Handler.php(238): Illuminate\\Log\\LogManager->error()
#4 /var/www/html/sdbl/vendor/laravel/framework/src/Illuminate/Foundation/Http/Kernel.php(404): Illuminate\\Foundation\\Exceptions\\Handler->report()
#5 /var/www/html/sdbl/vendor/laravel/framework/src/Illuminate/Foundation/Http/Kernel.php(112): Illuminate\\Foundation\\Http\\Kernel->reportException()
#6 /var/www/html/sdbl/public/index.php(52): Illuminate\\Foundation\\Http\\Kernel->handle()
#7 /var/www/html/sdbl/index.php(21): require_once('/var/www/html/s...')
#8 {main}
"} 
[2021-03-01 17:05:22] laravel.ERROR: Class 'Maatwebsite\Excel\Excel' not found {"exception":"[object] (Error(code: 0): Class 'Maatwebsite\\Excel\\Excel' not found at /var/www/html/sdbl/config/excel.php:163)
[stacktrace]
#0 /var/www/html/sdbl/vendor/laravel/framework/src/Illuminate/Foundation/Bootstrap/LoadConfiguration.php(72): require()
#1 /var/www/html/sdbl/vendor/laravel/framework/src/Illuminate/Foundation/Bootstrap/LoadConfiguration.php(39): Illuminate\\Foundation\\Bootstrap\\LoadConfiguration->loadConfigurationFiles()
#2 /var/www/html/sdbl/vendor/laravel/framework/src/Illuminate/Foundation/Application.php(230): Illuminate\\Foundation\\Bootstrap\\LoadConfiguration->bootstrap()
#3 /var/www/html/sdbl/vendor/laravel/framework/src/Illuminate/Foundation/Http/Kernel.php(152): Illuminate\\Foundation\\Application->bootstrapWith()
#4 /var/www/html/sdbl/vendor/laravel/framework/src/Illuminate/Foundation/Http/Kernel.php(136): Illuminate\\Foundation\\Http\\Kernel->bootstrap()
#5 /var/www/html/sdbl/vendor/laravel/framework/src/Illuminate/Foundation/Http/Kernel.php(110): Illuminate\\Foundation\\Http\\Kernel->sendRequestThroughRouter()
#6 /var/www/html/sdbl/public/index.php(52): Illuminate\\Foundation\\Http\\Kernel->handle()
#7 /var/www/html/sdbl/index.php(21): require_once('/var/www/html/s...')
#8 {main}
"} 
[2021-03-01 17:05:44] laravel.EMERGENCY: Unable to create configured logger. Using emergency logger. {"exception":"[object] (InvalidArgumentException(code: 0): Log [] is not defined. at /var/www/html/sdbl/vendor/laravel/framework/src/Illuminate/Log/LogManager.php:192)
[stacktrace]
#0 /var/www/html/sdbl/vendor/laravel/framework/src/Illuminate/Log/LogManager.php(118): Illuminate\\Log\\LogManager->resolve()
#1 /var/www/html/sdbl/vendor/laravel/framework/src/Illuminate/Log/LogManager.php(98): Illuminate\\Log\\LogManager->get()
#2 /var/www/html/sdbl/vendor/laravel/framework/src/Illuminate/Log/LogManager.php(547): Illuminate\\Log\\LogManager->driver()
#3 /var/www/html/sdbl/vendor/laravel/framework/src/Illuminate/Foundation/Exceptions/Handler.php(238): Illuminate\\Log\\LogManager->error()
#4 /var/www/html/sdbl/vendor/laravel/framework/src/Illuminate/Foundation/Http/Kernel.php(404): Illuminate\\Foundation\\Exceptions\\Handler->report()
#5 /var/www/html/sdbl/vendor/laravel/framework/src/Illuminate/Foundation/Http/Kernel.php(112): Illuminate\\Foundation\\Http\\Kernel->reportException()
#6 /var/www/html/sdbl/public/index.php(52): Illuminate\\Foundation\\Http\\Kernel->handle()
#7 /var/www/html/sdbl/index.php(21): require_once('/var/www/html/s...')
#8 {main}
"} 
[2021-03-01 17:05:44] laravel.ERROR: Class 'Maatwebsite\Excel\Excel' not found {"exception":"[object] (Error(code: 0): Class 'Maatwebsite\\Excel\\Excel' not found at /var/www/html/sdbl/config/excel.php:163)
[stacktrace]
#0 /var/www/html/sdbl/vendor/laravel/framework/src/Illuminate/Foundation/Bootstrap/LoadConfiguration.php(72): require()
#1 /var/www/html/sdbl/vendor/laravel/framework/src/Illuminate/Foundation/Bootstrap/LoadConfiguration.php(39): Illuminate\\Foundation\\Bootstrap\\LoadConfiguration->loadConfigurationFiles()
#2 /var/www/html/sdbl/vendor/laravel/framework/src/Illuminate/Foundation/Application.php(230): Illuminate\\Foundation\\Bootstrap\\LoadConfiguration->bootstrap()
#3 /var/www/html/sdbl/vendor/laravel/framework/src/Illuminate/Foundation/Http/Kernel.php(152): Illuminate\\Foundation\\Application->bootstrapWith()
#4 /var/www/html/sdbl/vendor/laravel/framework/src/Illuminate/Foundation/Http/Kernel.php(136): Illuminate\\Foundation\\Http\\Kernel->bootstrap()
#5 /var/www/html/sdbl/vendor/laravel/framework/src/Illuminate/Foundation/Http/Kernel.php(110): Illuminate\\Foundation\\Http\\Kernel->sendRequestThroughRouter()
#6 /var/www/html/sdbl/public/index.php(52): Illuminate\\Foundation\\Http\\Kernel->handle()
#7 /var/www/html/sdbl/index.php(21): require_once('/var/www/html/s...')
#8 {main}
"} 
[2021-03-01 17:06:10] laravel.EMERGENCY: Unable to create configured logger. Using emergency logger. {"exception":"[object] (InvalidArgumentException(code: 0): Log [] is not defined. at /var/www/html/sdbl/vendor/laravel/framework/src/Illuminate/Log/LogManager.php:192)
[stacktrace]
#0 /var/www/html/sdbl/vendor/laravel/framework/src/Illuminate/Log/LogManager.php(118): Illuminate\\Log\\LogManager->resolve()
#1 /var/www/html/sdbl/vendor/laravel/framework/src/Illuminate/Log/LogManager.php(98): Illuminate\\Log\\LogManager->get()
#2 /var/www/html/sdbl/vendor/laravel/framework/src/Illuminate/Log/LogManager.php(547): Illuminate\\Log\\LogManager->driver()
#3 /var/www/html/sdbl/vendor/laravel/framework/src/Illuminate/Foundation/Exceptions/Handler.php(238): Illuminate\\Log\\LogManager->error()
#4 /var/www/html/sdbl/vendor/laravel/framework/src/Illuminate/Foundation/Http/Kernel.php(404): Illuminate\\Foundation\\Exceptions\\Handler->report()
#5 /var/www/html/sdbl/vendor/laravel/framework/src/Illuminate/Foundation/Http/Kernel.php(112): Illuminate\\Foundation\\Http\\Kernel->reportException()
#6 /var/www/html/sdbl/public/index.php(52): Illuminate\\Foundation\\Http\\Kernel->handle()
#7 /var/www/html/sdbl/index.php(21): require_once('/var/www/html/s...')
#8 {main}
"} 
[2021-03-01 17:06:10] laravel.ERROR: Class 'Maatwebsite\Excel\Excel' not found {"exception":"[object] (Error(code: 0): Class 'Maatwebsite\\Excel\\Excel' not found at /var/www/html/sdbl/config/excel.php:163)
[stacktrace]
#0 /var/www/html/sdbl/vendor/laravel/framework/src/Illuminate/Foundation/Bootstrap/LoadConfiguration.php(72): require()
#1 /var/www/html/sdbl/vendor/laravel/framework/src/Illuminate/Foundation/Bootstrap/LoadConfiguration.php(39): Illuminate\\Foundation\\Bootstrap\\LoadConfiguration->loadConfigurationFiles()
#2 /var/www/html/sdbl/vendor/laravel/framework/src/Illuminate/Foundation/Application.php(230): Illuminate\\Foundation\\Bootstrap\\LoadConfiguration->bootstrap()
#3 /var/www/html/sdbl/vendor/laravel/framework/src/Illuminate/Foundation/Http/Kernel.php(152): Illuminate\\Foundation\\Application->bootstrapWith()
#4 /var/www/html/sdbl/vendor/laravel/framework/src/Illuminate/Foundation/Http/Kernel.php(136): Illuminate\\Foundation\\Http\\Kernel->bootstrap()
#5 /var/www/html/sdbl/vendor/laravel/framework/src/Illuminate/Foundation/Http/Kernel.php(110): Illuminate\\Foundation\\Http\\Kernel->sendRequestThroughRouter()
#6 /var/www/html/sdbl/public/index.php(52): Illuminate\\Foundation\\Http\\Kernel->handle()
#7 /var/www/html/sdbl/index.php(21): require_once('/var/www/html/s...')
#8 {main}
"} 
[2021-03-01 17:06:13] laravel.EMERGENCY: Unable to create configured logger. Using emergency logger. {"exception":"[object] (InvalidArgumentException(code: 0): Log [] is not defined. at /var/www/html/sdbl/vendor/laravel/framework/src/Illuminate/Log/LogManager.php:192)
[stacktrace]
#0 /var/www/html/sdbl/vendor/laravel/framework/src/Illuminate/Log/LogManager.php(118): Illuminate\\Log\\LogManager->resolve()
#1 /var/www/html/sdbl/vendor/laravel/framework/src/Illuminate/Log/LogManager.php(98): Illuminate\\Log\\LogManager->get()
#2 /var/www/html/sdbl/vendor/laravel/framework/src/Illuminate/Log/LogManager.php(547): Illuminate\\Log\\LogManager->driver()
#3 /var/www/html/sdbl/vendor/laravel/framework/src/Illuminate/Foundation/Exceptions/Handler.php(238): Illuminate\\Log\\LogManager->error()
#4 /var/www/html/sdbl/vendor/laravel/framework/src/Illuminate/Foundation/Http/Kernel.php(404): Illuminate\\Foundation\\Exceptions\\Handler->report()
#5 /var/www/html/sdbl/vendor/laravel/framework/src/Illuminate/Foundation/Http/Kernel.php(112): Illuminate\\Foundation\\Http\\Kernel->reportException()
#6 /var/www/html/sdbl/public/index.php(52): Illuminate\\Foundation\\Http\\Kernel->handle()
#7 /var/www/html/sdbl/index.php(21): require_once('/var/www/html/s...')
#8 {main}
"} 
[2021-03-01 17:06:13] laravel.ERROR: Class 'Maatwebsite\Excel\Excel' not found {"exception":"[object] (Error(code: 0): Class 'Maatwebsite\\Excel\\Excel' not found at /var/www/html/sdbl/config/excel.php:163)
[stacktrace]
#0 /var/www/html/sdbl/vendor/laravel/framework/src/Illuminate/Foundation/Bootstrap/LoadConfiguration.php(72): require()
#1 /var/www/html/sdbl/vendor/laravel/framework/src/Illuminate/Foundation/Bootstrap/LoadConfiguration.php(39): Illuminate\\Foundation\\Bootstrap\\LoadConfiguration->loadConfigurationFiles()
#2 /var/www/html/sdbl/vendor/laravel/framework/src/Illuminate/Foundation/Application.php(230): Illuminate\\Foundation\\Bootstrap\\LoadConfiguration->bootstrap()
#3 /var/www/html/sdbl/vendor/laravel/framework/src/Illuminate/Foundation/Http/Kernel.php(152): Illuminate\\Foundation\\Application->bootstrapWith()
#4 /var/www/html/sdbl/vendor/laravel/framework/src/Illuminate/Foundation/Http/Kernel.php(136): Illuminate\\Foundation\\Http\\Kernel->bootstrap()
#5 /var/www/html/sdbl/vendor/laravel/framework/src/Illuminate/Foundation/Http/Kernel.php(110): Illuminate\\Foundation\\Http\\Kernel->sendRequestThroughRouter()
#6 /var/www/html/sdbl/public/index.php(52): Illuminate\\Foundation\\Http\\Kernel->handle()
#7 /var/www/html/sdbl/index.php(21): require_once('/var/www/html/s...')
#8 {main}
"} 
[2021-03-01 17:06:13] laravel.EMERGENCY: Unable to create configured logger. Using emergency logger. {"exception":"[object] (InvalidArgumentException(code: 0): Log [] is not defined. at /var/www/html/sdbl/vendor/laravel/framework/src/Illuminate/Log/LogManager.php:192)
[stacktrace]
#0 /var/www/html/sdbl/vendor/laravel/framework/src/Illuminate/Log/LogManager.php(118): Illuminate\\Log\\LogManager->resolve()
#1 /var/www/html/sdbl/vendor/laravel/framework/src/Illuminate/Log/LogManager.php(98): Illuminate\\Log\\LogManager->get()
#2 /var/www/html/sdbl/vendor/laravel/framework/src/Illuminate/Log/LogManager.php(547): Illuminate\\Log\\LogManager->driver()
#3 /var/www/html/sdbl/vendor/laravel/framework/src/Illuminate/Foundation/Exceptions/Handler.php(238): Illuminate\\Log\\LogManager->error()
#4 /var/www/html/sdbl/vendor/laravel/framework/src/Illuminate/Foundation/Http/Kernel.php(404): Illuminate\\Foundation\\Exceptions\\Handler->report()
#5 /var/www/html/sdbl/vendor/laravel/framework/src/Illuminate/Foundation/Http/Kernel.php(112): Illuminate\\Foundation\\Http\\Kernel->reportException()
#6 /var/www/html/sdbl/public/index.php(52): Illuminate\\Foundation\\Http\\Kernel->handle()
#7 /var/www/html/sdbl/index.php(21): require_once('/var/www/html/s...')
#8 {main}
"} 
[2021-03-01 17:06:13] laravel.ERROR: Class 'Maatwebsite\Excel\Excel' not found {"exception":"[object] (Error(code: 0): Class 'Maatwebsite\\Excel\\Excel' not found at /var/www/html/sdbl/config/excel.php:163)
[stacktrace]
#0 /var/www/html/sdbl/vendor/laravel/framework/src/Illuminate/Foundation/Bootstrap/LoadConfiguration.php(72): require()
#1 /var/www/html/sdbl/vendor/laravel/framework/src/Illuminate/Foundation/Bootstrap/LoadConfiguration.php(39): Illuminate\\Foundation\\Bootstrap\\LoadConfiguration->loadConfigurationFiles()
#2 /var/www/html/sdbl/vendor/laravel/framework/src/Illuminate/Foundation/Application.php(230): Illuminate\\Foundation\\Bootstrap\\LoadConfiguration->bootstrap()
#3 /var/www/html/sdbl/vendor/laravel/framework/src/Illuminate/Foundation/Http/Kernel.php(152): Illuminate\\Foundation\\Application->bootstrapWith()
#4 /var/www/html/sdbl/vendor/laravel/framework/src/Illuminate/Foundation/Http/Kernel.php(136): Illuminate\\Foundation\\Http\\Kernel->bootstrap()
#5 /var/www/html/sdbl/vendor/laravel/framework/src/Illuminate/Foundation/Http/Kernel.php(110): Illuminate\\Foundation\\Http\\Kernel->sendRequestThroughRouter()
#6 /var/www/html/sdbl/public/index.php(52): Illuminate\\Foundation\\Http\\Kernel->handle()
#7 /var/www/html/sdbl/index.php(21): require_once('/var/www/html/s...')
#8 {main}
"} 
[2021-04-02 21:16:39] local.ERROR: Namespace declaration statement has to be the very first statement or after any declare call in the script {"exception":"[object] (Symfony\\Component\\ErrorHandler\\Error\\FatalError(code: 0): Namespace declaration statement has to be the very first statement or after any declare call in the script at E:\\xampp\\htdocs\\sdbl2\\app\\Models\\investment_saving.php:4)
[stacktrace]
#0 {main}
"} 
[2021-04-02 21:17:00] local.ERROR: Namespace declaration statement has to be the very first statement or after any declare call in the script {"exception":"[object] (Symfony\\Component\\ErrorHandler\\Error\\FatalError(code: 0): Namespace declaration statement has to be the very first statement or after any declare call in the script at E:\\xampp\\htdocs\\sdbl2\\app\\Models\\investment_saving.php:4)
[stacktrace]
#0 {main}
"} 
[2021-04-02 21:18:00] local.ERROR: Namespace declaration statement has to be the very first statement or after any declare call in the script {"exception":"[object] (Symfony\\Component\\ErrorHandler\\Error\\FatalError(code: 0): Namespace declaration statement has to be the very first statement or after any declare call in the script at E:\\xampp\\htdocs\\sdbl2\\app\\Models\\investment_saving.php:4)
[stacktrace]
#0 {main}
"} 
[2021-04-02 21:18:41] local.ERROR: Namespace declaration statement has to be the very first statement or after any declare call in the script {"exception":"[object] (Symfony\\Component\\ErrorHandler\\Error\\FatalError(code: 0): Namespace declaration statement has to be the very first statement or after any declare call in the script at E:\\xampp\\htdocs\\sdbl2\\app\\Models\\investment_saving.php:4)
[stacktrace]
#0 {main}
"} 
[2021-04-02 21:18:48] local.ERROR: Namespace declaration statement has to be the very first statement or after any declare call in the script {"exception":"[object] (Symfony\\Component\\ErrorHandler\\Error\\FatalError(code: 0): Namespace declaration statement has to be the very first statement or after any declare call in the script at E:\\xampp\\htdocs\\sdbl2\\app\\Models\\investment_saving.php:4)
[stacktrace]
#0 {main}
"} 
[2021-04-02 21:19:00] local.ERROR: Namespace declaration statement has to be the very first statement or after any declare call in the script {"exception":"[object] (Symfony\\Component\\ErrorHandler\\Error\\FatalError(code: 0): Namespace declaration statement has to be the very first statement or after any declare call in the script at E:\\xampp\\htdocs\\sdbl2\\app\\Models\\investment_saving.php:4)
[stacktrace]
#0 {main}
"} 
[2021-05-11 15:48:52] local.ERROR: rename(E:\xampp\htdocs\sdbl2\bootstrap\cache\serE3E8.tmp,E:\xampp\htdocs\sdbl2\bootstrap\cache\services.php): Access is denied. (code: 5) {"exception":"[object] (ErrorException(code: 0): rename(E:\\xampp\\htdocs\\sdbl2\\bootstrap\\cache\\serE3E8.tmp,E:\\xampp\\htdocs\\sdbl2\\bootstrap\\cache\\services.php): Access is denied. (code: 5) at E:\\xampp\\htdocs\\sdbl2\\vendor\\laravel\\framework\\src\\Illuminate\\Filesystem\\Filesystem.php:209)
[stacktrace]
#0 [internal function]: Illuminate\\Foundation\\Bootstrap\\HandleExceptions->handleError(2, 'rename(E:\\\\xampp...', 'E:\\\\xampp\\\\htdocs...', 209, Array)
#1 E:\\xampp\\htdocs\\sdbl2\\vendor\\laravel\\framework\\src\\Illuminate\\Filesystem\\Filesystem.php(209): rename('E:\\\\xampp\\\\htdocs...', 'E:\\\\xampp\\\\htdocs...')
#2 E:\\xampp\\htdocs\\sdbl2\\vendor\\laravel\\framework\\src\\Illuminate\\Foundation\\ProviderRepository.php(194): Illuminate\\Filesystem\\Filesystem->replace('E:\\\\xampp\\\\htdocs...', '<?php return ar...')
#3 E:\\xampp\\htdocs\\sdbl2\\vendor\\laravel\\framework\\src\\Illuminate\\Foundation\\ProviderRepository.php(165): Illuminate\\Foundation\\ProviderRepository->writeManifest(Array)
#4 E:\\xampp\\htdocs\\sdbl2\\vendor\\laravel\\framework\\src\\Illuminate\\Foundation\\ProviderRepository.php(61): Illuminate\\Foundation\\ProviderRepository->compileManifest(Array)
#5 E:\\xampp\\htdocs\\sdbl2\\vendor\\laravel\\framework\\src\\Illuminate\\Foundation\\Application.php(604): Illuminate\\Foundation\\ProviderRepository->load(Array)
#6 E:\\xampp\\htdocs\\sdbl2\\vendor\\laravel\\framework\\src\\Illuminate\\Foundation\\Bootstrap\\RegisterProviders.php(17): Illuminate\\Foundation\\Application->registerConfiguredProviders()
#7 E:\\xampp\\htdocs\\sdbl2\\vendor\\laravel\\framework\\src\\Illuminate\\Foundation\\Application.php(230): Illuminate\\Foundation\\Bootstrap\\RegisterProviders->bootstrap(Object(Illuminate\\Foundation\\Application))
#8 E:\\xampp\\htdocs\\sdbl2\\vendor\\laravel\\framework\\src\\Illuminate\\Foundation\\Console\\Kernel.php(310): Illuminate\\Foundation\\Application->bootstrapWith(Array)
#9 E:\\xampp\\htdocs\\sdbl2\\vendor\\laravel\\framework\\src\\Illuminate\\Foundation\\Console\\Kernel.php(127): Illuminate\\Foundation\\Console\\Kernel->bootstrap()
#10 Command line code(1): Illuminate\\Foundation\\Console\\Kernel->handle(Object(Symfony\\Component\\Console\\Input\\ArgvInput), Object(Symfony\\Component\\Console\\Output\\ConsoleOutput))
#11 {main}
"} 
