[2021-05-19 16:59:20] stage.INFO: NOT fd tected and from db  
[2021-05-19 16:59:20] stage.INFO: Investment Saving sected and from db  
[2021-05-19 16:59:20] stage.INFO: {"id":17,"nic":"905022367V","ref":"1621408920615","desposit":500,"period":"12","created_at":"2021-05-19T07:22:03.000000Z","updated_at":"2021-05-19T07:22:03.000000Z"}  
[2021-05-19 16:59:24] stage.INFO: Review | Reject mark  
[2021-05-19 16:59:24] stage.INFO: array (
  'type' => 'ops',
  'ref' => '1621408920615',
  'bdo' => 'handuwela.p@SDB.lk',
)  
[2021-05-19 16:59:24] stage.INFO: formated Day  
[2021-05-19 16:59:24] stage.INFO: 13052021  
[2021-05-19 16:59:24] stage.INFO: {"id":810,"branch":"3","ref":"1621408920615","title":"Mrs","surname":null,"initials":"","display_name":null,"full_name":"Sayuri Rameshiya","f_name":"Sayuri","nic":"905022367V","birth_year":1990,"birth_month":"1","birth_day":2,"sex":"F","applicant_status":"Housewife","applicant_going_to_open":"Individual Account","applicant_individual_account_type":"Investment Saving","primary_mobile_number":"0713215432","secondary_mobile_number":"0","email":null,"address":null,"address1":"7","address2":"Galle raoad","address3":"Gall","address4":"Galle3","living_place_dif":"same","district":"Galle","same_nic_address":"","security_question":null,"existing_customer":"true","bdo":"lakmini.d@sdb.lk","approved":0,"done":0,"ops":1,"ops_staff":"handuwela.p@SDB.lk","review_staff":null,"gps":"{\"timestamp\":1621408818766,\"mocked\":false,\"coords\":{\"altitude\":-89.01104362532882,\"heading\":0,\"altitudeAccuracy\":9.727899551391602,\"latitude\":6.8777994,\"speed\":0,\"longitude\":79.8760585,\"accuracy\":699.9990234375}}","appv":"BETA 1.3.12","signed":1,"created_at":"2021-05-19T07:22:03.000000Z","updated_at":"2021-05-19T07:27:09.000000Z"}  
[2021-05-19 16:59:24] stage.INFO: Julian dates from sdb  
[2021-05-19 16:59:24] stage.INFO: {"id":810,"branch":"3","ref":"1621408920615","title":"Mrs","surname":null,"initials":"","display_name":null,"full_name":"Sayuri Rameshiya","f_name":"Sayuri","nic":"905022367V","birth_year":1990,"birth_month":"1","birth_day":2,"sex":"F","applicant_status":"Housewife","applicant_going_to_open":"Individual Account","applicant_individual_account_type":"Investment Saving","primary_mobile_number":"0713215432","secondary_mobile_number":"0","email":null,"address":null,"address1":"7","address2":"Galle raoad","address3":"Gall","address4":"Galle3","living_place_dif":"same","district":"Galle","same_nic_address":"","security_question":null,"existing_customer":"true","bdo":"lakmini.d@sdb.lk","approved":0,"done":0,"ops":1,"ops_staff":"handuwela.p@SDB.lk","review_staff":null,"gps":"{\"timestamp\":1621408818766,\"mocked\":false,\"coords\":{\"altitude\":-89.01104362532882,\"heading\":0,\"altitudeAccuracy\":9.727899551391602,\"latitude\":6.8777994,\"speed\":0,\"longitude\":79.8760585,\"accuracy\":699.9990234375}}","appv":"BETA 1.3.12","signed":1,"created_at":"2021-05-19T07:22:03.000000Z","updated_at":"2021-05-19T07:27:09.000000Z"}  
[2021-05-19 16:59:24] stage.INFO: NOT fd tected and from db  
[2021-05-19 16:59:24] stage.INFO: Investment Saving sected and from db  
[2021-05-19 16:59:24] stage.INFO: {"id":17,"nic":"905022367V","ref":"1621408920615","desposit":500,"period":"12","created_at":"2021-05-19T07:22:03.000000Z","updated_at":"2021-05-19T07:22:03.000000Z"}  
[2021-05-19 16:59:24] stage.INFO: taken Julian dates from sdb   
[2021-05-19 16:59:24] stage.INFO: {"JSON":{"Data":{"Julian_Date":"2021133"}}}  
[2021-05-19 16:59:25] stage.INFO: bdo taken  
[2021-05-19 16:59:25] stage.INFO: {"code":"3","email":"lakmini.d@SDB.lk","emp":2593}  
[2021-05-19 16:59:25] stage.INFO: old customer to new acccount  
[2021-05-19 16:59:25] stage.INFO: Investment saving creation started {"cif":"0001511505","ref":"TAP00000055727","nic":"905022367V","branch":"3","app_ref":"1621408920615","mobile":"713215432","title":"Mrs","name":"Rameshiya","email":"","act":"Investment Saving","applicant_going_to_open":"Individual Account","today":"2021133","day":13,"empId":2593}  
[2021-05-19 16:59:25] stage.INFO:  investment saving taken from db  for timeaccount  
[2021-05-19 16:59:25] stage.INFO: {"id":17,"nic":"905022367V","ref":"1621408920615","desposit":500,"period":"12","created_at":"2021-05-19T07:22:03.000000Z","updated_at":"2021-05-19T07:22:03.000000Z"}  
[2021-05-19 16:59:25] stage.INFO:  investment saving taken from db  for I_DISPOSTION_CODE   
[2021-05-19 16:59:25] stage.INFO: T  
[2021-05-19 16:59:25] stage.INFO:  investment saving taken from db  for fd code   
[2021-05-19 16:59:25] stage.INFO: TIM00000095728  
[2021-05-19 16:59:25] stage.INFO:  investment saving array  
[2021-05-19 16:59:25] stage.INFO: {"REFERENCE_NUMBER":"TIM00000095728","CIF_NUMBER":"0001511505","CUS_RELATIONSHIP":"SOW","SEQUENCE_FOR_REF":"1","SEQUENCE_NUMBER":"1","TIME_AC_NUMBER":"0","BRANCH_NUMBER":"3","SEQUENCE_NO":"0","PRODUCT_TYPE":"114","OFFICER_CODE":"TAB","OPEN_DATE":"2021133","FACE_AMOUNT":500,"TESSA_TYPE":"0","RETIRE_PLAN_NUM":"","P_DISPOSTION_CODE":"N","I_DISPOSTION_CODE":"T","SOURCE_OF_FUNDS":"1","DEPOSIT_AMOUNT":500,"APPLICATION_DATE":"0","TITLE_MODIFER":"","ST_ACCRUAL_DATE":"2021133","FUNDS_AVAIL_DATE":"2021133","PER_NON_PER_CODE":"P","INTEREST_RATE":"0.030000","SEND_RC_NOTICE":"","NEGOTIABLE_FLAG":"","EMPLOYEE_CODE":"E","SECURED_FLAG":"","LEAD_DAYS_FOR_NOT":"0","PUBLIC_FUND_FLAG":"","USER_CODE_1":"","W_H_TAX_ON_INTERE":"","W_H_TAX_PERSENTAG":"0","TRUST_DEP_FLAG":"","ZBA_FUNDING_CC":"","LOCAL_CUR_EQ":"0","EXCHANGE_RATE":"0","OVERRIDE_CODE":"","COLLATE_HOLD_AMT":"0","PASSBOOK_NUMBER":"0","RENEWAL_OPTION":"A","RENUWAL_PERIOD":"M","RENEWAL_FREQUENCY":"12","RENEWAL_SPEC_DAY":13,"NEXT_REN_MAT_DATE":"0","SWAP_RATE":"0","PAYMENT_PERIOD":"M","PAYMENT_FRE_CY":"12","PAYMENT_SPE_DAY":13,"NEXT_INT_PAY_DATE":"0","CODE_FOR_INT_PA":"0","PAY_INT_LCY_FLAG":"","BOOK_NOTE_BUY_RAT":"","ACCRUAL_METHOD":"S","ACCRUAL_BASE":"2","YEAR_BASE":"2","ACCOUNT_OPEN_DATE":"2021133","DATE_OF_BIRTH":"0","LIFE_EXPEC_YEAR":"0","LIFE_EXPEC_MONTH":"0","ALLO_CONT_THIS_YR":"0","ALLO_CONT_LAST_YR":"0","BENEFICIARY_DATA":"","EMPLOYER_DESC":"","STATEM_CYCLE_CODE":"0","STATEM_CYCLE_FREQ":"0","STATEM_SPEC_DAY":"0","FIRST_NEXT_ST_DA":"0","NO_OF_RELATIONSHI":"0","ERROR_CODE":"","STATUS":"1","USER_ID":2593,"DATE":"2021133","TIME":1621423765,"FIELD1":"0","FIELD2":"0","FIELD3":"0","FIELD4":"0","FIELD5":"0","FIELD6":"","FIELD7":"","FIELD8":"","FIELD9":"","FIELD10":"","ORDER_INDEX_IDER":"H","ANCHOR_PROFILE_NO":"45","ORDER_REFERENCE":"","GENERAL_DESCRIPTION":"","ORDER_PERIODID":"","ORDER_FREQUENCY":"0","ORDER_SPECIFIC_DAY":"0","ORDER_EXECUTION_DAT":"0","ORDER_EXPIRY_DATE":"0","DEBIT_RATE_CODE":"0","CREDIT_RATE_CODE":"0","RATE_FIXED_CODE":"0","CROSS_CURRENCY_CNTR":"0","ANCHOR_EXCHANGE_RAT":"0","ANCHOR_APP_NO":"30","ANCHOR_ACCOUNT_NO":"0","SEQUENCE_NUMBER2":"0","GENERAL_DESCRIP_2":"","GENERAL_DESCRIP_3":"","INTERNAL_GL_COST_CT":"0","ORDER_INDEX_IDD":"H","TARGET_INDEX_IDNO":"E","TARGET_PROFILE_N0":"35","INTERNAL_ACCOUNT_N0":"0","AMOUNT":"0","DESCRIPTION":"","INTERNAL_GL_COST_CT2":"0","TARGET_EXCHANGE_RAT":"0","TARGET_APP_NO":"26","TARGET_CURRENCY_COD":"0","DESCRIPTION_2":"","DESCRIPTION_3":"","ACCOUNT_SHORT_NAME":""}  
[2021-05-19 16:59:25] stage.ALERT: ACC APP L- no point -> http://10.100.32.72:7801/timeaccountcreation/v1/TimeAccountCreation  
